0:100  0:100  MemLog inited, TSC freq: 1497624430
0:100  0:000  CPU was calibrated with RTC
0:100  0:000  CloverX64 : Image base = 0x44A15000
0:116  0:016  
0:116  0:000  Now is 13.03.2021,  15:15:17 (GMT)
0:116  0:000  Starting Clover revision: 5131 (master, commit 949da631b) on Dell EFI
0:116  0:000  Build id: 20210221183006-949da63-5131-dirty
0:116  0:000  Build with: [Args: -D NO_GRUB_DRIVERS_EMBEDDED -D LESS_DEBUG -t GCC53 | -D NO_GRUB_DRIVERS_EMBEDDED -D LESS_DEBUG --conf=/Users/sergey/src/CloverBootloader/Conf -D USE_LOW_EBDA -a X64 -b RELEASE -t GCC53 -n 5 | OS: 10.14.6]
0:118  0:002  SimpleTextEx Status=Success
0:118  0:000  === [ GetDefaultSettings ] ======================
0:119  0:000  === [ Get Smbios ] ==============================
0:124  0:005  Type 16 Index = 0
0:124  0:000  Total Memory Slots Count = 2
0:124  0:000  Type 17 Index = 0
0:124  0:000  SmbiosTable.Type17->Speed = 3200MHz
0:124  0:000  SmbiosTable.Type17->Size = 8192MB
0:124  0:000  SmbiosTable.Type17->Bank/Device = BANK 0 ChannelA-DIMM0
0:124  0:000  SmbiosTable.Type17->Vendor = 80AD00000000
0:124  0:000  SmbiosTable.Type17->SerialNumber = 21D8BCBE
0:124  0:000  SmbiosTable.Type17->PartNumber = HMA81GS6CJR8N-XN    
0:124  0:000  Type 17 Index = 1
0:124  0:000  SmbiosTable.Type17->Speed = 3200MHz
0:124  0:000  SmbiosTable.Type17->Size = 8192MB
0:124  0:000  SmbiosTable.Type17->Bank/Device = BANK 2 ChannelB-DIMM0
0:124  0:000  SmbiosTable.Type17->Vendor = 80AD00000000
0:124  0:000  SmbiosTable.Type17->SerialNumber = 21A28F71
0:124  0:000  SmbiosTable.Type17->PartNumber = HMA81GS6DJR8N-XN    
0:124  0:000  Boot status=0
0:124  0:000  Running on: 'Vostro 15 5501' with board '0YWFGV'
0:124  0:000  === [ GetCPUProperties ] ========================
0:124  0:000  CPU Vendor = 756E6547 Model=706E5
0:124  0:000   The CPU supported SSE4.1
0:124  0:000  BrandString = Intel(R) Core(TM) i7-1065G7 CPU @ 1.30GHz
0:124  0:000   The CPU supported turbo
0:124  0:000   Energy PerfBias is  visible:
0:124  0:000  MSR 0x35               40008
0:124  0:000   TSC/CCC Information Leaf:
0:124  0:000    numerator     : 78
0:124  0:000    denominator   : 2
0:124  0:000   Calibrated ARTFrequency: 38400626
0:124  0:000   Rounded ARTFrequency: 38400000
0:124  0:000  MSR 0xE2 before patch 74000008
0:124  0:000  MSR 0xCE              0004043C_F1810F00
0:124  0:000  corrected FLEX_RATIO = 100000
0:124  0:000  MSR 0x1B0             00000000
0:124  0:000  FSBFrequency = 100 MHz, DMI FSBFrequency = 100 MHz, Corrected FSBFrequency = 100 MHz
0:124  0:000  MaxDiv/MinDiv: 15.0/4
0:124  0:000  Turbo: 35/35/38/39
0:124  0:000  Features: 0x77FAFBBFBFEBFBFF
0:124  0:000  Threads: 8
0:124  0:000  Cores: 4
0:124  0:000  FSB: 100 MHz
0:124  0:000  CPU: 1500 MHz
0:124  0:000  TSC: 1500 MHz
0:124  0:000  PIS: 100 MHz
0:124  0:000  ExternalClock: 25 MHz
0:124  0:000  === [ GetDefaultCpuSettings ] ===================
0:124  0:000  === [ GetDevices ] ==============================
0:124  0:000  GOP found at: PciRoot(0x0)/Pci(0x2,0x0)/AcpiAdr(0x80011400)
0:124  0:000  PCI (00|00:00.00) : 8086 8A12 class=060000
0:124  0:000  PCI (00|00:02.00) : 8086 8A52 class=030000
0:124  0:000   - GOP: Provided by device
0:124  0:000   - GFX: Model=Intel Ice Lake GT2 (Intel)
0:124  0:000  PCI (00|00:04.00) : 8086 8A03 class=118000
0:124  0:000  PCI (00|00:0D.00) : 8086 8A13 class=0C0330
0:124  0:000  PCI (00|00:12.00) : 8086 34FC class=070000
0:124  0:000  PCI (00|00:14.00) : 8086 34ED class=0C0330
0:124  0:000  PCI (00|00:14.02) : 8086 34EF class=050000
0:124  0:000  PCI (00|00:15.00) : 8086 34E8 class=0C8000
0:124  0:000  PCI (00|00:15.01) : 8086 34E9 class=0C8000
0:124  0:000  PCI (00|00:16.00) : 8086 34E0 class=078000
0:124  0:000  PCI (00|00:1C.00) : 8086 34BC class=060400
0:124  0:000  PCI (00|01:00.00) : 10DE 1D16 class=030200
0:124  0:000  PCI (00|00:1C.06) : 8086 34BE class=060400
0:124  0:000  PCI (00|02:00.00) : 14E4 43BA class=028000
0:124  0:000   - WIFI: Vendor= Broadcom
0:124  0:000  PCI (00|00:1C.07) : 8086 34BF class=060400
0:124  0:000  PCI (00|03:00.00) : 10EC 8168 class=020000
0:124  0:000   - LAN: 0 Vendor=Realtek
0:124  0:000  PCI (00|00:1D.00) : 8086 34B0 class=060400
0:125  0:000  PCI (00|04:00.00) : 144D A808 class=010802
0:125  0:000  PCI (00|00:1D.04) : 8086 34B4 class=060400
0:125  0:000  PCI (00|05:00.00) : 1E0F 0001 class=010802
0:125  0:000  PCI (00|00:1F.00) : 8086 3482 class=060100
0:125  0:000  PCI (00|00:1F.03) : 8086 34C8 class=040380
0:125  0:000  PCI (00|00:1F.04) : 8086 34A3 class=0C0500
0:125  0:000  PCI (00|00:1F.05) : 8086 34A4 class=0C8000
0:125  0:000  Clover load options size = 238 bytes
0:126  0:000  _checkOEMPath Look for oem dir at path '\EFI\CLOVER\OEM\Vostro 15 5501--00-00-00-00-00-00'. Dir doesn't exist.
0:126  0:000  _checkOEMPath Look for oem dir at path '\EFI\CLOVER\OEM\0YWFGV\UEFI'. Dir doesn't exist.
0:126  0:000  _checkOEMPath Look for oem dir at path '\EFI\CLOVER\OEM\Vostro 15 5501'. Dir doesn't exist.
0:126  0:000  _checkOEMPath Look for oem dir at path '\EFI\CLOVER\OEM\Vostro 15 5501-1500'. Dir doesn't exist.
0:126  0:000  _checkOEMPath Look for oem dir at path '\EFI\CLOVER\OEM\0YWFGV'. Dir doesn't exist.
0:126  0:000  _checkOEMPath Look for oem dir at path '\EFI\CLOVER\OEM\0YWFGV-1500'. Dir doesn't exist.
0:126  0:000  Cannot find .plist at path '\EFI\CLOVER' : Not Found
0:126  0:000  \EFI\CLOVER\.plist  not loaded with name from LoadOptions: Not Found
0:126  0:000  _checkOEMPath Look for oem dir at path '\EFI\CLOVER\OEM\Vostro 15 5501--00-00-00-00-00-00'. Dir doesn't exist.
0:126  0:000  _checkOEMPath Look for oem dir at path '\EFI\CLOVER\OEM\0YWFGV\UEFI'. Dir doesn't exist.
0:126  0:000  _checkOEMPath Look for oem dir at path '\EFI\CLOVER\OEM\Vostro 15 5501'. Dir doesn't exist.
0:126  0:000  _checkOEMPath Look for oem dir at path '\EFI\CLOVER\OEM\Vostro 15 5501-1500'. Dir doesn't exist.
0:126  0:000  _checkOEMPath Look for oem dir at path '\EFI\CLOVER\OEM\0YWFGV'. Dir doesn't exist.
0:126  0:000  _checkOEMPath Look for oem dir at path '\EFI\CLOVER\OEM\0YWFGV-1500'. Dir doesn't exist.
0:127  0:001  Using config.plist at path: \EFI\CLOVER
0:127  0:000  \EFI\CLOVER\config.plist  loaded: Success
0:134  0:006  === [ GetListOfThemes ] =========================
0:134  0:000  - [00]: random
0:135  0:000  - [00]: embedded
0:135  0:000  === [ Found config plists ] =====================
0:135  0:000  - config.plist
0:135  0:000  - config-sample.plist
0:136  0:000  === [ GetEarlyUserSettings ] ====================
0:136  0:000  timeout set to 5
0:136  0:000  Custom boot CUSTOM_BOOT_DISABLED (0x0)
0:136  0:000  Default theme: metal
0:136  0:000  === [ LoadDrivers ] =============================
0:136  0:000  Loading FSInject.efi  status=Success
0:141  0:005  Loading VBoxHfs.efi  status=Success
0:145  0:003   - driver needs connecting
0:145  0:000  Loading ApfsDriverLoader.efi  status=Success
0:148  0:003   - driver needs connecting
0:148  0:000  Loading AudioDxe.efi  status=Success
0:153  0:005   - driver needs connecting
0:153  0:000  3 drivers needs connecting ...
0:153  0:000  PlatformDriverOverrideProtocol not found. Installing ... Success
0:153  0:000  HFS+ driver loaded
0:153  0:000  APFS driver loaded
0:154  0:000  Searching for invalid DiskIo BY_DRIVER connects: not found, all ok
6:221  6:067  === [ InitScreen ] ==============================
6:221  0:000  Console modes reported: 5, available modes:
6:221  0:000   - [01]: 80x25
6:221  0:000   - [02]: 80x50
6:221  0:000   - [03]: 100x31
6:221  0:000   - [04]: 120x40
6:221  0:000   - [05]: 240x56 (current mode)
6:221  0:000  SetScreenResolution: 1920x1080 - already set
6:221  0:000  SetScreenResolution: 1920x1080 - already set
6:222  0:000  Using embedded font
6:224  0:002  === [ GetMacAddress ] ===========================
6:224  0:000  MAC address of LAN #0= B0:7B:25:55:37:62:
6:224  0:000  === [ ScanSPD ] =================================
6:225  0:000  Scanning SMBus [8086:34A3], mmio: 0x1138004, ioport: 0xEFA0, hostc: 0x11
6:244  0:018  Slot: 0 Type 26 8192MB 3200MHz Vendor=SK Hynix PartNo=HMA81GS6CJR8N-XN SerialNo=21D8BCBE
6:262  0:018  Slot: 2 Type 26 8192MB 3200MHz Vendor=SK Hynix PartNo=HMA81GS6DJR8N-XN SerialNo=21A28F71
6:263  0:000  === [ GetAcpiTablesList ] =======================
6:265  0:001  Get Acpi Tables List from RSDT:
6:265  0:000   - [00]: FACP  Dell Inc len=276
6:265  0:000   - [01]: SSDT  CpuSsdt len=7009
6:265  0:000   - [02]: SSDT  DptfTabl len=19948
6:265  0:000   - [03]: SSDT  SaSsdt  len=5460
6:265  0:000   - [04]: SSDT  TcssSsdt len=45690
6:265  0:000   - [05]: HPET  Dell Inc len=56
6:265  0:000   - [06]: APIC  Dell Inc len=300
6:265  0:000   - [07]: MCFG  Dell Inc len=60
6:265  0:000   - [08]: SSDT  DellRtd3 len=2265
6:265  0:000   - [09]: SSDT  xh_Dell_ len=3394
6:265  0:000   - [10]: NHLT  Dell Inc len=45
6:265  0:000   - [11]: SSDT  UsbCTabl len=3256
6:265  0:000   - [12]: LPIT  Dell Inc len=148
6:265  0:000   - [13]: SSDT  PtidDevc len=2933
6:265  0:000   - [14]: SSDT  TbtTypeC len=4027
6:265  0:000   - [15]: DBGP  Dell Inc len=52
6:265  0:000   - [16]: DBG2  Dell Inc len=84
6:265  0:000   - [17]: SLIC  CBX3    len=374
6:265  0:000   - [18]: BOOT  CBX3    len=40
6:265  0:000   - [19]: MSDM  CBX3    len=85
6:265  0:000   - [20]: SSDT  NvdTable len=15982
6:265  0:000   - [21]: DMAR  Dell Inc len=176
6:265  0:000   - [22]: SSDT  ADebTabl len=342
6:265  0:000   - [23]: BGRT  Dell Inc len=56
6:265  0:000   - [24]: FPDT  Dell Inc len=52
6:265  0:000  Calibrated TSC Frequency = 1497624430 = 1497MHz
6:266  0:001  === [ GetUserSettings ] =========================
6:266  0:000  Add 23 devices (kTagTypeDict):
6:266  0:000  USB FixOwnership: yes
6:266  0:000   - final DSDT Fix mask=10400000
6:266  0:000  C3Latency: 250
6:266  0:000  MinMultiplier: 0
6:266  0:000  MaxMultiplier: 0
6:266  0:000  PluginType: 1
6:266  0:000  ResetVal: 0x0
6:266  0:000  Using ProductName from config: MacBookPro16,2
6:266  0:000  Using latest BiosVersion from config
6:266  0:000  BiosVersion: MBP162.88Z.F000.B00.2101062056
6:266  0:000  BiosReleaseDate: 01/06/2021
6:266  0:000  Using latest EfiVersion from config: 1554.80.3.0.0
6:266  0:000  Using FirmwareFeatures from config: 0xFDAFF066
6:266  0:000  Using FirmwareFeaturesMask from config: 0xFFFFFF7F
6:266  0:000  Board-ID set from config as Mac-5F9802EFE386AA28
6:266  0:000  BoardType: 0xA
6:266  0:000  ChassisType: 0x9
6:267  0:000  The UUID is valid
6:267  0:000  Cannot find smbios.plist at path '\EFI\CLOVER' : Not Found
6:268  0:001  === [ Found DSDT tables ] =======================
6:268  0:000  === [ InitKextList ] ============================
6:313  0:044  === [ ScanVolumes ] =============================
6:313  0:000  Found 19 volumes with blockIO
6:313  0:000  - [00]: Volume: PciRoot(0x0)\Pci(0x1D,0x4)\Pci(0x0,0x0)\NVMe(0x1,42-33-59-01-04-8E-E3-8C)
6:313  0:000  - [01]: Volume: PciRoot(0x0)\Pci(0x1D,0x4)\Pci(0x0,0x0)\NVMe(0x1,42-33-59-01-04-8E-E3-8C)\HD(1,GPT,C60D5561-EA2D-4524-B7A5-E40F8F0E5733,0x800,0x4B000)
6:313  0:000          Result of bootcode detection: bootable Windows (vista,win)
6:314  0:000            label : ESP
6:314  0:000  - [02]: Volume: PciRoot(0x0)\Pci(0x1D,0x4)\Pci(0x0,0x0)\NVMe(0x1,42-33-59-01-04-8E-E3-8C)\HD(2,GPT,4C9316ED-4DEB-4124-8768-69DBA7D7163A,0x4B800,0x40000)
6:314  0:000  - [03]: Volume: PciRoot(0x0)\Pci(0x1D,0x4)\Pci(0x0,0x0)\NVMe(0x1,42-33-59-01-04-8E-E3-8C)\HD(3,GPT,C15866D4-6540-4101-A559-342A3BC0E3E4,0x8B800,0x3952C000)
6:314  0:000          Result of bootcode detection: bootable unknown (legacy)
6:314  0:000  - [04]: Volume: PciRoot(0x0)\Pci(0x1D,0x4)\Pci(0x0,0x0)\NVMe(0x1,42-33-59-01-04-8E-E3-8C)\HD(4,GPT,CAAED48C-CB27-483B-84F4-681F25CA3380,0x395B7800,0x1EF000)
6:314  0:000          Result of bootcode detection: bootable Windows (vista,win)
6:315  0:000            label : WINRETOOLS
6:315  0:000  - [05]: Volume: PciRoot(0x0)\Pci(0x1D,0x4)\Pci(0x0,0x0)\NVMe(0x1,42-33-59-01-04-8E-E3-8C)\HD(5,GPT,08568862-6E76-431F-831C-036FF4CB0623,0x397A6800,0x1F86000)
6:315  0:000          Result of bootcode detection: bootable Windows (vista,win)
6:318  0:002            label : Image
6:318  0:000  - [06]: Volume: PciRoot(0x0)\Pci(0x1D,0x4)\Pci(0x0,0x0)\NVMe(0x1,42-33-59-01-04-8E-E3-8C)\HD(6,GPT,269CF6EA-5FEE-4A05-B707-2D68463BE6B1,0x3B72D000,0x2AD800)
6:318  0:000          Result of bootcode detection: bootable Windows (vista,win)
6:319  0:000            label : DELLSUPPORT
6:319  0:000  - [07]: Volume: PciRoot(0x0)\Pci(0x1D,0x0)\Pci(0x0,0x0)\NVMe(0x1,3A-39-B0-81-5A-38-25-00)
6:319  0:000  - [08]: Volume: PciRoot(0x0)\Pci(0x1D,0x0)\Pci(0x0,0x0)\NVMe(0x1,3A-39-B0-81-5A-38-25-00)\HD(1,GPT,EB0590FC-0375-4CE5-895B-946BB62DE3BD,0x28,0x64000)
6:319  0:000          Result of bootcode detection: bootable unknown (legacy)
6:319  0:000            label : EFI
6:319  0:000  - [09]: Volume: PciRoot(0x0)\Pci(0x1D,0x0)\Pci(0x0,0x0)\NVMe(0x1,3A-39-B0-81-5A-38-25-00)\HD(2,GPT,FD68AD76-B9F4-4BD2-8F4C-33533BC557AF,0x64028,0x3B93D260)
6:319  0:000          Result of bootcode detection: bootable unknown (legacy)
6:320  0:000  - [10]: Volume: PciRoot(0x0)\Pci(0x14,0x0)\USB(0xC,0x0)
6:320  0:000  - [11]: Volume: PciRoot(0x0)\Pci(0x14,0x0)\USB(0xC,0x0)\HD(1,GPT,D58E88CB-AB73-487B-B476-A14577057034,0x28,0x64000)
6:320  0:000          Result of bootcode detection: bootable unknown (legacy)
6:321  0:000            label : EFI
6:321  0:000          This is SelfVolume !!
6:321  0:000  - [12]: Volume: PciRoot(0x0)\Pci(0x14,0x0)\USB(0xC,0x0)\HD(2,GPT,A693D2D9-6816-4DAD-9F8C-EAAAE6493890,0x64028,0x3B10FB0)
6:322  0:001            label : Senza nome
6:322  0:000  - [13]: Volume: PciRoot(0x0)\Pci(0x1D,0x0)\Pci(0x0,0x0)\NVMe(0x1,3A-39-B0-81-5A-38-25-00)\HD(2,GPT,FD68AD76-B9F4-4BD2-8F4C-33533BC557AF,0x64028,0x3B93D260)\VenMedia(BE74FCF7-0B7C-49F3-9147-01F4042E6842,5BDB7F33F84F9746854BF5818AE2974F)
6:322  0:000            apfsFileSystemUUID=337FDB5B-4FF8-4697-854B-F5818AE2974F, ApfsContainerUUID=4C03DC35-7843-43C8-8DD1-3CCD8B1EF9EF, ApfsRole=0x10
6:323  0:000            label : Preboot
6:323  0:000  - [14]: Volume: PciRoot(0x0)\Pci(0x1D,0x0)\Pci(0x0,0x0)\NVMe(0x1,3A-39-B0-81-5A-38-25-00)\HD(2,GPT,FD68AD76-B9F4-4BD2-8F4C-33533BC557AF,0x64028,0x3B93D260)\VenMedia(BE74FCF7-0B7C-49F3-9147-01F4042E6842,06015F1B8921E6388425F7787496BA52)
6:323  0:000            apfsFileSystemUUID=1B5F0106-2189-38E6-8425-F7787496BA52, ApfsContainerUUID=4C03DC35-7843-43C8-8DD1-3CCD8B1EF9EF, ApfsRole=0x40
6:326  0:003            label : Big Sur - Dati
6:326  0:000  - [15]: Volume: PciRoot(0x0)\Pci(0x1D,0x0)\Pci(0x0,0x0)\NVMe(0x1,3A-39-B0-81-5A-38-25-00)\HD(2,GPT,FD68AD76-B9F4-4BD2-8F4C-33533BC557AF,0x64028,0x3B93D260)\VenMedia(BE74FCF7-0B7C-49F3-9147-01F4042E6842,2CF79E9E80E6B742B5819A0C226B0464)
6:327  0:000            apfsFileSystemUUID=9E9EF72C-E680-42B7-B581-9A0C226B0464, ApfsContainerUUID=4C03DC35-7843-43C8-8DD1-3CCD8B1EF9EF, ApfsRole=0x4
6:327  0:000            label : Recovery
6:327  0:000  - [16]: Volume: PciRoot(0x0)\Pci(0x1D,0x0)\Pci(0x0,0x0)\NVMe(0x1,3A-39-B0-81-5A-38-25-00)\HD(2,GPT,FD68AD76-B9F4-4BD2-8F4C-33533BC557AF,0x64028,0x3B93D260)\VenMedia(BE74FCF7-0B7C-49F3-9147-01F4042E6842,355247E8C4ACCF49AC5FF922A1D11006)
6:327  0:000            apfsFileSystemUUID=E8475235-ACC4-49CF-AC5F-F922A1D11006, ApfsContainerUUID=4C03DC35-7843-43C8-8DD1-3CCD8B1EF9EF, ApfsRole=0x8
6:327  0:000            label : VM
6:327  0:000  - [17]: Volume: PciRoot(0x0)\Pci(0x1D,0x0)\Pci(0x0,0x0)\NVMe(0x1,3A-39-B0-81-5A-38-25-00)\HD(2,GPT,FD68AD76-B9F4-4BD2-8F4C-33533BC557AF,0x64028,0x3B93D260)\VenMedia(BE74FCF7-0B7C-49F3-9147-01F4042E6842,EE952FA60E21714B81D9EAE578AA7396)
6:327  0:000            apfsFileSystemUUID=A62F95EE-210E-4B71-81D9-EAE578AA7396, ApfsContainerUUID=4C03DC35-7843-43C8-8DD1-3CCD8B1EF9EF, ApfsRole=0x1
6:329  0:001            label : Big Sur
6:329  0:000  - [18]: Volume: PciRoot(0x0)\Pci(0x1D,0x0)\Pci(0x0,0x0)\NVMe(0x1,3A-39-B0-81-5A-38-25-00)\HD(2,GPT,FD68AD76-B9F4-4BD2-8F4C-33533BC557AF,0x64028,0x3B93D260)\VenMedia(BE74FCF7-0B7C-49F3-9147-01F4042E6842,4B782C27D3BAA3418394B7DEEA045BF5)
6:329  0:000            apfsFileSystemUUID=272C784B-BAD3-41A3-8394-B7DEEA045BF5, ApfsContainerUUID=4C03DC35-7843-43C8-8DD1-3CCD8B1EF9EF, ApfsRole=0xc0
6:329  0:000            label : Update
6:329  0:000  found 2 handles with audio
6:329  0:000  No AudioIoDevice stored
6:329  0:000  no stored audio parameters
6:329  0:000  Found Audio Device Realtek ALC236 (Speaker) at index 0
6:329  0:000  Found Audio Device Realtek ALC236 (Headphones) at index 1
6:329  0:000  Found Audio Device Intel (Unknown) (HDMI) at index 2
6:330  0:000  === [ InitXTheme ] ==============================
6:330  0:000  use Daylight theme
6:330  0:000   using embedded theme
6:341  0:011  sound play end with status=Device Error
6:342  0:000  Using embedded font
6:342  0:000  theme inited
6:342  0:000  Chosen embedded theme
6:343  0:000  found boot-args in NVRAM:-v keepsyms=1 brcmfx-country=#a -noDC9, size=39
6:343  0:000  ...found arg:-v
6:343  0:000  ...found arg:keepsyms=1
6:343  0:000  ...adding arg:keepsyms=1
6:343  0:000  ...found arg:brcmfx-country=#a
6:343  0:000  ...adding arg:brcmfx-country=#a
6:343  0:000  ...found arg:-noDC9
6:343  0:000  ...adding arg:-noDC9
6:343  0:000  after NVRAM boot-args=-v dart=0 keepsyms=1 brcmfx-country=#a -noDC9 
6:343  0:000  === [ Dump SMC keys from NVRAM ] ================
6:343  0:000  no AppleSMC protocol
6:387  0:043  === [ ScanLoader ] ==============================
6:387  0:000  - [01]: 'ESP'
6:389  0:002        AddLoaderEntry for Volume Name=ESP, idx=0
6:389  0:000        OSVersion= 
6:389  0:000        IconName=vista,win comma=5 size=9
6:389  0:000        first=os_vista
6:389  0:000        Second=os_win
6:389  0:000        Loader entry created for 'PciRoot(0x0)\Pci(0x1D,0x4)\Pci(0x0,0x0)\NVMe(0x1,42-33-59-01-04-8E-E3-8C)\HD(1,GPT,C60D5561-EA2D-4524-B7A5-E40F8F0E5733,0x800,0x4B000)\EFI\microsoft\Boot\bootmgfw.efi'
6:389  0:000        Menu entry added at index 0
6:392  0:002        AddLoaderEntry for Volume Name=ESP, idx=1
6:392  0:000        OSVersion= 
6:392  0:000        IconName=unknown comma=-1 size=7
6:392  0:000        Full=unknown
6:392  0:000        Loader entry created for 'PciRoot(0x0)\Pci(0x1D,0x4)\Pci(0x0,0x0)\NVMe(0x1,42-33-59-01-04-8E-E3-8C)\HD(1,GPT,C60D5561-EA2D-4524-B7A5-E40F8F0E5733,0x800,0x4B000)\EFI\BOOT\BOOTX64.efi'
6:392  0:000        Menu entry added at index 1
6:392  0:000       hiding entry because DiskKind is DISK_KIND_INTERNAL: \EFI\BOOT\BOOTX64.efi
6:392  0:000  - [04]: 'WINRETOOLS'
6:392  0:000  - [05]: 'Image'
6:392  0:000  - [06]: 'DELLSUPPORT'
6:392  0:000  - [08]: 'EFI'
6:395  0:002        AddLoaderEntry for Volume Name=EFI, idx=2
6:395  0:000        OSVersion= 
6:395  0:000        IconName=unknown comma=-1 size=7
6:395  0:000        Full=unknown
6:395  0:000        Loader entry created for 'PciRoot(0x0)\Pci(0x1D,0x0)\Pci(0x0,0x0)\NVMe(0x1,3A-39-B0-81-5A-38-25-00)\HD(1,GPT,EB0590FC-0375-4CE5-895B-946BB62DE3BD,0x28,0x64000)\EFI\BOOT\BOOTX64.efi'
6:395  0:000        Menu entry added at index 2
6:395  0:000       hiding entry because DiskKind is DISK_KIND_INTERNAL: \EFI\BOOT\BOOTX64.efi
6:395  0:000  - [11]: 'EFI'
6:396  0:001        AddLoaderEntry for Volume Name=EFI, idx=3
6:396  0:000        OSVersion= 
6:396  0:000        IconName=unknown comma=-1 size=7
6:396  0:000        Full=unknown
6:396  0:000        Loader entry created for 'PciRoot(0x0)\Pci(0x14,0x0)\USB(0xC,0x0)\HD(1,GPT,D58E88CB-AB73-487B-B476-A14577057034,0x28,0x64000)\EFI\BOOT\BOOTX64.efi'
6:396  0:000        Menu entry added at index 3
6:396  0:000       hiding entry because DiskKind is DISK_KIND_EXTERNAL: \EFI\BOOT\BOOTX64.efi
6:396  0:000  - [12]: 'Senza nome'
6:396  0:000  - [13]: 'Preboot'
6:396  0:000      ApfsContainerUUID=4C03DC35-7843-43C8-8DD1-3CCD8B1EF9EF
6:396  0:000      ApfsFileSystemUUID=337FDB5B-4FF8-4697-854B-F5818AE2974F
6:396  0:000      APFSTargetUUID=1B5F0106-2189-38E6-8425-F7787496BA52
6:397  0:000        contentDetails name:Big Sur
6:397  0:000        AddLoaderEntry for Volume Name=Preboot, idx=4
6:397  0:000        OSVersion=11.2.3 
6:397  0:000        Check if volume Is Hibernated:
6:397  0:000        Check sleep image 'by signature':
6:397  0:000        using default sleep image name = \private\var\vm\sleepimage
6:397  0:000        cannot open sleepimage -> Not Found
6:397  0:000        hibernated: no - sign
6:397  0:000        IconName=bigsur,mac comma=6 size=10
6:397  0:000        first=os_bigsur
6:397  0:000        Second=os_mac
6:397  0:000        Loader entry created for 'PciRoot(0x0)\Pci(0x1D,0x0)\Pci(0x0,0x0)\NVMe(0x1,3A-39-B0-81-5A-38-25-00)\HD(2,GPT,FD68AD76-B9F4-4BD2-8F4C-33533BC557AF,0x64028,0x3B93D260)\VenMedia(BE74FCF7-0B7C-49F3-9147-01F4042E6842,5BDB7F33F84F9746854BF5818AE2974F)\1B5F0106-2189-38E6-8425-F7787496BA52\System\Library\CoreServices\boot.efi'
6:398  0:000        Menu entry added at index 4
6:398  0:000  - [14]: 'Big Sur - Dati'
6:398  0:000      ApfsContainerUUID=4C03DC35-7843-43C8-8DD1-3CCD8B1EF9EF
6:398  0:000      ApfsFileSystemUUID=1B5F0106-2189-38E6-8425-F7787496BA52
6:400  0:001  - [15]: 'Recovery'
6:400  0:000      ApfsContainerUUID=4C03DC35-7843-43C8-8DD1-3CCD8B1EF9EF
6:400  0:000      ApfsFileSystemUUID=9E9EF72C-E680-42B7-B581-9A0C226B0464
6:400  0:000      APFSTargetUUID=1B5F0106-2189-38E6-8425-F7787496BA52
6:400  0:000        contentDetails name:Big Sur
6:400  0:000        AddLoaderEntry for Volume Name=Recovery, idx=5
6:400  0:000        OSVersion=11.2.3 
6:400  0:000        IconName=bigsur,mac comma=6 size=10
6:400  0:000        first=os_bigsur
6:400  0:000        Second=os_mac
6:400  0:000        Loader entry created for 'PciRoot(0x0)\Pci(0x1D,0x0)\Pci(0x0,0x0)\NVMe(0x1,3A-39-B0-81-5A-38-25-00)\HD(2,GPT,FD68AD76-B9F4-4BD2-8F4C-33533BC557AF,0x64028,0x3B93D260)\VenMedia(BE74FCF7-0B7C-49F3-9147-01F4042E6842,2CF79E9E80E6B742B5819A0C226B0464)\1B5F0106-2189-38E6-8425-F7787496BA52\BaseSystem.dmg'
6:401  0:000        Menu entry added at index 5
6:401  0:000  - [16]: 'VM'
6:401  0:000      ApfsContainerUUID=4C03DC35-7843-43C8-8DD1-3CCD8B1EF9EF
6:401  0:000      ApfsFileSystemUUID=E8475235-ACC4-49CF-AC5F-F922A1D11006
6:401  0:000  - [17]: 'Big Sur'
6:401  0:000      ApfsContainerUUID=4C03DC35-7843-43C8-8DD1-3CCD8B1EF9EF
6:401  0:000      ApfsFileSystemUUID=A62F95EE-210E-4B71-81D9-EAE578AA7396
6:405  0:003  - [18]: 'Update'
6:405  0:000      ApfsContainerUUID=4C03DC35-7843-43C8-8DD1-3CCD8B1EF9EF
6:405  0:000      ApfsFileSystemUUID=272C784B-BAD3-41A3-8394-B7DEEA045BF5
6:405  0:000  Entries list before ordering
6:405  0:000      Entry 0 : Boot Microsoft EFI Boot from ESP
6:405  0:000      Entry 1 : Boot UEFI internal from ESP (hidden)
6:405  0:000      Entry 2 : Boot UEFI internal from EFI (hidden)
6:405  0:000      Entry 3 : Boot UEFI external from EFI (hidden)
6:405  0:000      Entry 4 : Boot Mac OS X from Big Sur via Preboot
6:405  0:000      Entry 5 : Boot Mac OS X Recovery for Big Sur via Recovery
6:405  0:000  Entries after before ordering
6:405  0:000    Entry 0 : Boot Microsoft EFI Boot from ESP
6:405  0:000    Entry 1 : Boot UEFI internal from ESP (hidden)
6:405  0:000    Entry 2 : Boot UEFI internal from EFI (hidden)
6:405  0:000    Entry 3 : Boot UEFI external from EFI (hidden)
6:405  0:000    Entry 4 : Boot Mac OS X from Big Sur via Preboot
6:405  0:000    Entry 5 : Boot Mac OS X Recovery for Big Sur via Recovery
6:405  0:000  Scanning legacy ...
6:405  0:000        IconName=vista,win comma=5 size=9
6:405  0:000        first=os_vista
6:405  0:000        Second=os_win
6:405  0:000        IconName=vista,win comma=5 size=9
6:405  0:000        first=os_vista
6:405  0:000        Second=os_win
6:406  0:000        IconName=vista,win comma=5 size=9
6:406  0:000        first=os_vista
6:406  0:000        Second=os_win
6:406  0:000        IconName=vista,win comma=5 size=9
6:406  0:000        first=os_vista
6:406  0:000        Second=os_win
6:406  0:000  === [ AddCustomTool ] ===========================
6:407  0:001  === [ GetEfiBootDeviceFromNvram ] ===============
6:408  0:000  Got efi-boot-device-data size=276
6:408  0:000   - efi-boot-device-data: PciRoot(0x0)\Pci(0x1D,0x0)\Pci(0x0,0x0)\SasEx(0x010000000025385A,0x81B0393A7074616C,0x0,NoTopology,0,0,0)\HD(2,GPT,FD68AD76-B9F4-4BD2-8F4C-33533BC557AF,0x64028,0x3B93D260)\VenMedia(BE74FCF7-0B7C-49F3-9147-01F4042E6842,5BDB7F33F84F9746854BF5818AE2974F)\1B5F0106-2189-38E6-8425-F7787496BA52\System\Library\CoreServices\boot.efi
6:408  0:000    - Volume: 'PciRoot(0x0)\Pci(0x1D,0x0)\Pci(0x0,0x0)\SasEx(0x010000000025385A,0x81B0393A7074616C,0x0,NoTopology,0,0,0)\HD(2,GPT,FD68AD76-B9F4-4BD2-8F4C-33533BC557AF,0x64028,0x3B93D260)\VenMedia(BE74FCF7-0B7C-49F3-9147-01F4042E6842,5BDB7F33F84F9746854BF5818AE2974F)'
6:408  0:000    - LoaderPath: '\1B5F0106-2189-38E6-8425-F7787496BA52\System\Library\CoreServices\boot.efi'
6:408  0:000    - Guid = FD68AD76-B9F4-4BD2-8F4C-33533BC557AF
6:408  0:000  === [ FindStartupDiskVolume ] ===================
6:408  0:000    - Volume: partition = PciRoot(0x0)\Pci(0x1D,0x0)\Pci(0x0,0x0)\SasEx(0x010000000025385A,0x81B0393A7074616C,0x0,NoTopology,0,0,0)\HD(2,GPT,FD68AD76-B9F4-4BD2-8F4C-33533BC557AF,0x64028,0x3B93D260)\VenMedia(BE74FCF7-0B7C-49F3-9147-01F4042E6842,5BDB7F33F84F9746854BF5818AE2974F)
6:408  0:000     - searching for that partition and loader '\1B5F0106-2189-38E6-8425-F7787496BA52\System\Library\CoreServices\boot.efi'
6:408  0:000      - [!] not found
6:408  0:000     - searching again, but comparing Media dev path nodes
6:408  0:000    checking '337FDB5B-4FF8-4697-854B-F5818AE2974F'
6:408  0:000    checking '9E9EF72C-E680-42B7-B581-9A0C226B0464'
6:408  0:000      - [!] not found
6:408  0:000     - searching for that partition
6:408  0:000      - [!] not found
6:408  0:000     - searching again, but comparing Media dev path nodes
6:408  0:000      - found entry 1. 'Boot Mac OS X from Big Sur via Preboot', Volume 'Preboot'
6:408  0:000  Boot redirected to Entry 1. 'Boot Mac OS X from Big Sur via Preboot'
6:408  0:000  BannerPlace at Clear Screen [896,224]
6:412  0:003  AnimeRun=0
6:422  0:010  GUI ready
9:572  3:149  Found UEFI Acpi 2.0 RSDP at 5dffe014
9:572  0:000  Saving ACPI tables from RSDP 5dffe014 to ACPI\origin ...
9:572  0:000   5dffe014: 'RSD PTR ', Rev: 2 (Acpi 2.0 or newer), Len: 36 -> RSDP.aml
9:853  0:281    (Xsdt: 5df97188, Rsdt: 5df970c4)
9:853  0:000    5df97188: 'XSDT', 'Dell Inc', Rev: 1, Len: 236 -> XSDT.aml
9:896  0:042    5df970c4: 'RSDT', 'Dell Inc', Rev: 1, Len: 136 -> RSDT.aml
9:936  0:039    Tables in Xsdt: 25
9:936  0:000    0. 5dfe7000: 'FACP', 'Dell Inc', Rev: 6, Len: 276 -> FACP.aml
9:977  0:041        (Dsdt: 5DFA5000, Facs: 5DEFC000, XDsdt: 5dfa5000, XFacs: 0)
9:977  0:000        5dfa5000: 'DSDT', 'Dell Inc', Rev: 2, Len: 258040 -> DSDT.aml
10:044  0:067        5defc000: 'FACS', Ver: 2, Len: 64 -> FACS.aml
10:085  0:041    1. 5dffb000: 'SSDT', 'CpuSsdt', Rev: 2, Len: 7009 -> SSDT-0-CpuSsdt.aml
10:127  0:041    2. 5dff6000: 'SSDT', 'DptfTabl', Rev: 2, Len: 19948 -> SSDT-1-DptfTabl.aml
10:174  0:046    3. 5dff4000: 'SSDT', 'SaSsdt', Rev: 2, Len: 5460 -> SSDT-2-SaSsdt.aml
10:243  0:069    4. 5dfe8000: 'SSDT', 'TcssSsdt', Rev: 2, Len: 45690 -> SSDT-3-TcssSsdt.aml
10:294  0:050    5. 5dfe6000: 'HPET', 'Dell Inc', Rev: 1, Len: 56 -> HPET.aml
10:338  0:044    6. 5dfe5000: 'APIC', 'Dell Inc', Rev: 3, Len: 300 -> APIC.aml
10:389  0:050    7. 5dfe4000: 'MCFG', 'Dell Inc', Rev: 1, Len: 60 -> MCFG.aml
10:436  0:046    8. 5dfa4000: 'SSDT', 'DellRtd3', Rev: 2, Len: 2265 -> SSDT-4-DellRtd3.aml
10:486  0:050    9. 5dfa3000: 'SSDT', 'xh_Dell_', Rev: 2, Len: 3394 -> SSDT-5-xh_Dell_.aml
10:530  0:044    10. 5dfa2000: 'NHLT', 'Dell Inc', Rev: 0, Len: 45 -> NHLT.aml
10:580  0:050    11. 5dfa1000: 'SSDT', 'UsbCTabl', Rev: 2, Len: 3256 -> SSDT-6-UsbCTabl.aml
10:652  0:071    12. 5dfa0000: 'LPIT', 'Dell Inc', Rev: 1, Len: 148 -> LPIT.aml
10:697  0:045    13. 5df9f000: 'SSDT', 'PtidDevc', Rev: 2, Len: 2933 -> SSDT-7-PtidDevc.aml
10:744  0:046    14. 5df9e000: 'SSDT', 'TbtTypeC', Rev: 2, Len: 4027 -> SSDT-8-TbtTypeC.aml
10:823  0:078    15. 5df9d000: 'DBGP', 'Dell Inc', Rev: 1, Len: 52 -> DBGP.aml
10:867  0:044    16. 5df9c000: 'DBG2', 'Dell Inc', Rev: 0, Len: 84 -> DBG2.aml
10:913  0:045    17. 5df9b000: 'SLIC', 'CBX3', Rev: 3, Len: 374 -> SLIC.aml
10:957  0:044    18. 5df9a000: 'BOOT', 'CBX3', Rev: 1, Len: 40 -> BOOT.aml
11:003  0:046    19. 5df99000: 'MSDM', 'CBX3', Rev: 3, Len: 85 -> MSDM.aml
11:048  0:044    20. 5df93000: 'SSDT', 'NvdTable', Rev: 1, Len: 15982 -> SSDT-9-NvdTable.aml
11:094  0:045    21. 5dffd000: 'DMAR', 'Dell Inc', Rev: 2, Len: 176 -> DMAR.aml
11:154  0:059    22. 5df98000: 'SSDT', 'ADebTabl', Rev: 2, Len: 342 -> SSDT-10-ADebTabl.aml
11:200  0:046    23. 5df92000: 'BGRT', 'Dell Inc', Rev: 1, Len: 56 -> BGRT.aml
11:244  0:044    24. 5df91000: 'FPDT', 'Dell Inc', Rev: 1, Len: 52 -> FPDT.aml
11:290  0:046    Tables in Rsdt: 25
11:290  0:000    0. 5dfe7000: 'FACP', 'Dell Inc', Rev: 6, Len: 276
11:290  0:000        (Dsdt: 5DFA5000, Facs: 5DEFC000, XDsdt: 5dfa5000, XFacs: 0)
11:290  0:000        5dfa5000: 'DSDT', 'Dell Inc', Rev: 2, Len: 258040
11:290  0:000        5defc000: 'FACS', Ver: 2, Len: 64
11:290  0:000    1. 5dffb000: 'SSDT', 'CpuSsdt', Rev: 2, Len: 7009
11:290  0:000    2. 5dff6000: 'SSDT', 'DptfTabl', Rev: 2, Len: 19948
11:290  0:000    3. 5dff4000: 'SSDT', 'SaSsdt', Rev: 2, Len: 5460
11:290  0:000    4. 5dfe8000: 'SSDT', 'TcssSsdt', Rev: 2, Len: 45690
11:290  0:000    5. 5dfe6000: 'HPET', 'Dell Inc', Rev: 1, Len: 56
11:290  0:000    6. 5dfe5000: 'APIC', 'Dell Inc', Rev: 3, Len: 300
11:290  0:000    7. 5dfe4000: 'MCFG', 'Dell Inc', Rev: 1, Len: 60
11:290  0:000    8. 5dfa4000: 'SSDT', 'DellRtd3', Rev: 2, Len: 2265
11:290  0:000    9. 5dfa3000: 'SSDT', 'xh_Dell_', Rev: 2, Len: 3394
11:290  0:000    10. 5dfa2000: 'NHLT', 'Dell Inc', Rev: 0, Len: 45
11:290  0:000    11. 5dfa1000: 'SSDT', 'UsbCTabl', Rev: 2, Len: 3256
11:290  0:000    12. 5dfa0000: 'LPIT', 'Dell Inc', Rev: 1, Len: 148
11:290  0:000    13. 5df9f000: 'SSDT', 'PtidDevc', Rev: 2, Len: 2933
11:290  0:000    14. 5df9e000: 'SSDT', 'TbtTypeC', Rev: 2, Len: 4027
11:290  0:000    15. 5df9d000: 'DBGP', 'Dell Inc', Rev: 1, Len: 52
11:290  0:000    16. 5df9c000: 'DBG2', 'Dell Inc', Rev: 0, Len: 84
11:290  0:000    17. 5df9b000: 'SLIC', 'CBX3', Rev: 3, Len: 374
11:290  0:000    18. 5df9a000: 'BOOT', 'CBX3', Rev: 1, Len: 40
11:291  0:000    19. 5df99000: 'MSDM', 'CBX3', Rev: 3, Len: 85
11:291  0:000    20. 5df93000: 'SSDT', 'NvdTable', Rev: 1, Len: 15982
11:291  0:000    21. 5dffd000: 'DMAR', 'Dell Inc', Rev: 2, Len: 176
11:291  0:000    22. 5df98000: 'SSDT', 'ADebTabl', Rev: 2, Len: 342
11:291  0:000    23. 5df92000: 'BGRT', 'Dell Inc', Rev: 1, Len: 56
11:291  0:000    24. 5df91000: 'FPDT', 'Dell Inc', Rev: 1, Len: 52
11:291  0:000  Found UEFI Acpi 1.0 RSDP at 5dffe000
11:291  0:000  Printing ACPI tables from RSDP 5dffe000 ...
11:291  0:000   5dffe000: 'RSD PTR ', Rev: 0 (Acpi 1.0), Len: 20
11:291  0:000    (Rsdt: 5df97000)
11:291  0:000    5df97000: 'RSDT', 'Dell Inc', Rev: 1, Len: 136
11:291  0:000    Tables in Rsdt: 25
11:291  0:000    0. 5dfe7000: 'FACP', 'Dell Inc', Rev: 6, Len: 276
11:291  0:000        (Dsdt: 5DFA5000, Facs: 5DEFC000, XDsdt: 5dfa5000, XFacs: 0)
11:291  0:000        5dfa5000: 'DSDT', 'Dell Inc', Rev: 2, Len: 258040
11:291  0:000        5defc000: 'FACS', Ver: 2, Len: 64
11:291  0:000    1. 5dffb000: 'SSDT', 'CpuSsdt', Rev: 2, Len: 7009
11:291  0:000    2. 5dff6000: 'SSDT', 'DptfTabl', Rev: 2, Len: 19948
11:291  0:000    3. 5dff4000: 'SSDT', 'SaSsdt', Rev: 2, Len: 5460
11:291  0:000    4. 5dfe8000: 'SSDT', 'TcssSsdt', Rev: 2, Len: 45690
11:291  0:000    5. 5dfe6000: 'HPET', 'Dell Inc', Rev: 1, Len: 56
11:291  0:000    6. 5dfe5000: 'APIC', 'Dell Inc', Rev: 3, Len: 300
11:291  0:000    7. 5dfe4000: 'MCFG', 'Dell Inc', Rev: 1, Len: 60
11:291  0:000    8. 5dfa4000: 'SSDT', 'DellRtd3', Rev: 2, Len: 2265
11:291  0:000    9. 5dfa3000: 'SSDT', 'xh_Dell_', Rev: 2, Len: 3394
11:291  0:000    10. 5dfa2000: 'NHLT', 'Dell Inc', Rev: 0, Len: 45
11:291  0:000    11. 5dfa1000: 'SSDT', 'UsbCTabl', Rev: 2, Len: 3256
11:291  0:000    12. 5dfa0000: 'LPIT', 'Dell Inc', Rev: 1, Len: 148
11:291  0:000    13. 5df9f000: 'SSDT', 'PtidDevc', Rev: 2, Len: 2933
11:291  0:000    14. 5df9e000: 'SSDT', 'TbtTypeC', Rev: 2, Len: 4027
11:291  0:000    15. 5df9d000: 'DBGP', 'Dell Inc', Rev: 1, Len: 52
11:291  0:000    16. 5df9c000: 'DBG2', 'Dell Inc', Rev: 0, Len: 84
11:291  0:000    17. 5df9b000: 'SLIC', 'CBX3', Rev: 3, Len: 374
11:291  0:000    18. 5df9a000: 'BOOT', 'CBX3', Rev: 1, Len: 40
11:291  0:000    19. 5df99000: 'MSDM', 'CBX3', Rev: 3, Len: 85
11:291  0:000    20. 5df93000: 'SSDT', 'NvdTable', Rev: 1, Len: 15982
11:291  0:000    21. 5dffd000: 'DMAR', 'Dell Inc', Rev: 2, Len: 176
11:291  0:000    22. 5df98000: 'SSDT', 'ADebTabl', Rev: 2, Len: 342
11:291  0:000    23. 5df92000: 'BGRT', 'Dell Inc', Rev: 1, Len: 56
11:291  0:000    24. 5df91000: 'FPDT', 'Dell Inc', Rev: 1, Len: 52
12:900  1:609  Found UEFI Acpi 2.0 RSDP at 5dffe014
12:900  0:000  Saving ACPI tables from RSDP 5dffe014 to ACPI\origin ...
12:900  0:000   5dffe014: 'RSD PTR ', Rev: 2 (Acpi 2.0 or newer), Len: 36
12:900  0:000    (Xsdt: 5df97188, Rsdt: 5df970c4)
12:900  0:000    5df97188: 'XSDT', 'Dell Inc', Rev: 1, Len: 236
12:900  0:000    5df970c4: 'RSDT', 'Dell Inc', Rev: 1, Len: 136
12:900  0:000    Tables in Xsdt: 25
12:900  0:000    0. 5dfe7000: 'FACP', 'Dell Inc', Rev: 6, Len: 276
12:900  0:000        (Dsdt: 5DFA5000, Facs: 5DEFC000, XDsdt: 5dfa5000, XFacs: 0)
12:900  0:000        5dfa5000: 'DSDT', 'Dell Inc', Rev: 2, Len: 258040
12:900  0:000        5defc000: 'FACS', Ver: 2, Len: 64
12:900  0:000    1. 5dffb000: 'SSDT', 'CpuSsdt', Rev: 2, Len: 7009
12:900  0:000    2. 5dff6000: 'SSDT', 'DptfTabl', Rev: 2, Len: 19948
12:900  0:000    3. 5dff4000: 'SSDT', 'SaSsdt', Rev: 2, Len: 5460
12:900  0:000    4. 5dfe8000: 'SSDT', 'TcssSsdt', Rev: 2, Len: 45690
12:900  0:000    5. 5dfe6000: 'HPET', 'Dell Inc', Rev: 1, Len: 56
12:900  0:000    6. 5dfe5000: 'APIC', 'Dell Inc', Rev: 3, Len: 300
12:900  0:000    7. 5dfe4000: 'MCFG', 'Dell Inc', Rev: 1, Len: 60
12:900  0:000    8. 5dfa4000: 'SSDT', 'DellRtd3', Rev: 2, Len: 2265
12:900  0:000    9. 5dfa3000: 'SSDT', 'xh_Dell_', Rev: 2, Len: 3394
12:900  0:000    10. 5dfa2000: 'NHLT', 'Dell Inc', Rev: 0, Len: 45
12:900  0:000    11. 5dfa1000: 'SSDT', 'UsbCTabl', Rev: 2, Len: 3256
12:900  0:000    12. 5dfa0000: 'LPIT', 'Dell Inc', Rev: 1, Len: 148
12:900  0:000    13. 5df9f000: 'SSDT', 'PtidDevc', Rev: 2, Len: 2933
12:900  0:000    14. 5df9e000: 'SSDT', 'TbtTypeC', Rev: 2, Len: 4027
12:900  0:000    15. 5df9d000: 'DBGP', 'Dell Inc', Rev: 1, Len: 52
12:900  0:000    16. 5df9c000: 'DBG2', 'Dell Inc', Rev: 0, Len: 84
12:900  0:000    17. 5df9b000: 'SLIC', 'CBX3', Rev: 3, Len: 374
12:900  0:000    18. 5df9a000: 'BOOT', 'CBX3', Rev: 1, Len: 40
12:900  0:000    19. 5df99000: 'MSDM', 'CBX3', Rev: 3, Len: 85
12:900  0:000    20. 5df93000: 'SSDT', 'NvdTable', Rev: 1, Len: 15982
12:900  0:000    21. 5dffd000: 'DMAR', 'Dell Inc', Rev: 2, Len: 176
12:900  0:000    22. 5df98000: 'SSDT', 'ADebTabl', Rev: 2, Len: 342
12:900  0:000    23. 5df92000: 'BGRT', 'Dell Inc', Rev: 1, Len: 56
12:900  0:000    24. 5df91000: 'FPDT', 'Dell Inc', Rev: 1, Len: 52
12:900  0:000    Tables in Rsdt: 25
12:900  0:000    0. 5dfe7000: 'FACP', 'Dell Inc', Rev: 6, Len: 276
12:900  0:000        (Dsdt: 5DFA5000, Facs: 5DEFC000, XDsdt: 5dfa5000, XFacs: 0)
12:900  0:000        5dfa5000: 'DSDT', 'Dell Inc', Rev: 2, Len: 258040
12:900  0:000        5defc000: 'FACS', Ver: 2, Len: 64
12:900  0:000    1. 5dffb000: 'SSDT', 'CpuSsdt', Rev: 2, Len: 7009
12:900  0:000    2. 5dff6000: 'SSDT', 'DptfTabl', Rev: 2, Len: 19948
12:900  0:000    3. 5dff4000: 'SSDT', 'SaSsdt', Rev: 2, Len: 5460
12:900  0:000    4. 5dfe8000: 'SSDT', 'TcssSsdt', Rev: 2, Len: 45690
12:900  0:000    5. 5dfe6000: 'HPET', 'Dell Inc', Rev: 1, Len: 56
12:900  0:000    6. 5dfe5000: 'APIC', 'Dell Inc', Rev: 3, Len: 300
12:900  0:000    7. 5dfe4000: 'MCFG', 'Dell Inc', Rev: 1, Len: 60
12:900  0:000    8. 5dfa4000: 'SSDT', 'DellRtd3', Rev: 2, Len: 2265
12:900  0:000    9. 5dfa3000: 'SSDT', 'xh_Dell_', Rev: 2, Len: 3394
12:900  0:000    10. 5dfa2000: 'NHLT', 'Dell Inc', Rev: 0, Len: 45
12:900  0:000    11. 5dfa1000: 'SSDT', 'UsbCTabl', Rev: 2, Len: 3256
12:900  0:000    12. 5dfa0000: 'LPIT', 'Dell Inc', Rev: 1, Len: 148
12:900  0:000    13. 5df9f000: 'SSDT', 'PtidDevc', Rev: 2, Len: 2933
12:900  0:000    14. 5df9e000: 'SSDT', 'TbtTypeC', Rev: 2, Len: 4027
12:900  0:000    15. 5df9d000: 'DBGP', 'Dell Inc', Rev: 1, Len: 52
12:900  0:000    16. 5df9c000: 'DBG2', 'Dell Inc', Rev: 0, Len: 84
12:900  0:000    17. 5df9b000: 'SLIC', 'CBX3', Rev: 3, Len: 374
12:900  0:000    18. 5df9a000: 'BOOT', 'CBX3', Rev: 1, Len: 40
12:900  0:000    19. 5df99000: 'MSDM', 'CBX3', Rev: 3, Len: 85
12:900  0:000    20. 5df93000: 'SSDT', 'NvdTable', Rev: 1, Len: 15982
12:900  0:000    21. 5dffd000: 'DMAR', 'Dell Inc', Rev: 2, Len: 176
12:900  0:000    22. 5df98000: 'SSDT', 'ADebTabl', Rev: 2, Len: 342
12:900  0:000    23. 5df92000: 'BGRT', 'Dell Inc', Rev: 1, Len: 56
12:900  0:000    24. 5df91000: 'FPDT', 'Dell Inc', Rev: 1, Len: 52
12:900  0:000  Found UEFI Acpi 1.0 RSDP at 5dffe000
12:900  0:000  Printing ACPI tables from RSDP 5dffe000 ...
12:900  0:000   5dffe000: 'RSD PTR ', Rev: 0 (Acpi 1.0), Len: 20
12:900  0:000    (Rsdt: 5df97000)
12:900  0:000    5df97000: 'RSDT', 'Dell Inc', Rev: 1, Len: 136
12:900  0:000    Tables in Rsdt: 25
12:900  0:000    0. 5dfe7000: 'FACP', 'Dell Inc', Rev: 6, Len: 276
12:900  0:000        (Dsdt: 5DFA5000, Facs: 5DEFC000, XDsdt: 5dfa5000, XFacs: 0)
12:900  0:000        5dfa5000: 'DSDT', 'Dell Inc', Rev: 2, Len: 258040
12:900  0:000        5defc000: 'FACS', Ver: 2, Len: 64
12:900  0:000    1. 5dffb000: 'SSDT', 'CpuSsdt', Rev: 2, Len: 7009
12:900  0:000    2. 5dff6000: 'SSDT', 'DptfTabl', Rev: 2, Len: 19948
12:900  0:000    3. 5dff4000: 'SSDT', 'SaSsdt', Rev: 2, Len: 5460
12:900  0:000    4. 5dfe8000: 'SSDT', 'TcssSsdt', Rev: 2, Len: 45690
12:900  0:000    5. 5dfe6000: 'HPET', 'Dell Inc', Rev: 1, Len: 56
12:900  0:000    6. 5dfe5000: 'APIC', 'Dell Inc', Rev: 3, Len: 300
12:900  0:000    7. 5dfe4000: 'MCFG', 'Dell Inc', Rev: 1, Len: 60
12:900  0:000    8. 5dfa4000: 'SSDT', 'DellRtd3', Rev: 2, Len: 2265
12:900  0:000    9. 5dfa3000: 'SSDT', 'xh_Dell_', Rev: 2, Len: 3394
12:900  0:000    10. 5dfa2000: 'NHLT', 'Dell Inc', Rev: 0, Len: 45
12:900  0:000    11. 5dfa1000: 'SSDT', 'UsbCTabl', Rev: 2, Len: 3256
12:900  0:000    12. 5dfa0000: 'LPIT', 'Dell Inc', Rev: 1, Len: 148
12:900  0:000    13. 5df9f000: 'SSDT', 'PtidDevc', Rev: 2, Len: 2933
12:900  0:000    14. 5df9e000: 'SSDT', 'TbtTypeC', Rev: 2, Len: 4027
12:900  0:000    15. 5df9d000: 'DBGP', 'Dell Inc', Rev: 1, Len: 52
12:900  0:000    16. 5df9c000: 'DBG2', 'Dell Inc', Rev: 0, Len: 84
12:900  0:000    17. 5df9b000: 'SLIC', 'CBX3', Rev: 3, Len: 374
12:900  0:000    18. 5df9a000: 'BOOT', 'CBX3', Rev: 1, Len: 40
12:900  0:000    19. 5df99000: 'MSDM', 'CBX3', Rev: 3, Len: 85
12:900  0:000    20. 5df93000: 'SSDT', 'NvdTable', Rev: 1, Len: 15982
12:900  0:000    21. 5dffd000: 'DMAR', 'Dell Inc', Rev: 2, Len: 176
12:900  0:000    22. 5df98000: 'SSDT', 'ADebTabl', Rev: 2, Len: 342
12:900  0:000    23. 5df92000: 'BGRT', 'Dell Inc', Rev: 1, Len: 56
12:900  0:000    24. 5df91000: 'FPDT', 'Dell Inc', Rev: 1, Len: 52
32:400  19:500  AnimeRun=0
41:157  8:756  Found UEFI Acpi 2.0 RSDP at 5dffe014
41:157  0:000  Saving ACPI tables from RSDP 5dffe014 to ACPI\origin ...
41:157  0:000   5dffe014: 'RSD PTR ', Rev: 2 (Acpi 2.0 or newer), Len: 36 -> RSDP.aml
41:259  0:102    (Xsdt: 5df97188, Rsdt: 5df970c4)
41:259  0:000    5df97188: 'XSDT', 'Dell Inc', Rev: 1, Len: 236 -> XSDT.aml
41:334  0:074    5df970c4: 'RSDT', 'Dell Inc', Rev: 1, Len: 136 -> RSDT.aml
41:411  0:077    Tables in Xsdt: 25
41:411  0:000    0. 5dfe7000: 'FACP', 'Dell Inc', Rev: 6, Len: 276 -> FACP.aml
41:487  0:075        (Dsdt: 5DFA5000, Facs: 5DEFC000, XDsdt: 5dfa5000, XFacs: 0)
41:487  0:000        5dfa5000: 'DSDT', 'Dell Inc', Rev: 2, Len: 258040 -> DSDT.aml
41:586  0:099        5defc000: 'FACS', Ver: 2, Len: 64 -> FACS.aml
41:662  0:076    1. 5dffb000: 'SSDT', 'CpuSsdt', Rev: 2, Len: 7009 -> SSDT-0-CpuSsdt.aml
41:754  0:091    2. 5dff6000: 'SSDT', 'DptfTabl', Rev: 2, Len: 19948 -> SSDT-1-DptfTabl.aml
41:830  0:076    3. 5dff4000: 'SSDT', 'SaSsdt', Rev: 2, Len: 5460 -> SSDT-2-SaSsdt.aml
41:911  0:080    4. 5dfe8000: 'SSDT', 'TcssSsdt', Rev: 2, Len: 45690 -> SSDT-3-TcssSsdt.aml
41:995  0:084    5. 5dfe6000: 'HPET', 'Dell Inc', Rev: 1, Len: 56 -> HPET.aml
42:077  0:081    6. 5dfe5000: 'APIC', 'Dell Inc', Rev: 3, Len: 300 -> APIC.aml
42:156  0:079    7. 5dfe4000: 'MCFG', 'Dell Inc', Rev: 1, Len: 60 -> MCFG.aml
42:237  0:081    8. 5dfa4000: 'SSDT', 'DellRtd3', Rev: 2, Len: 2265 -> SSDT-4-DellRtd3.aml
42:339  0:101    9. 5dfa3000: 'SSDT', 'xh_Dell_', Rev: 2, Len: 3394 -> SSDT-5-xh_Dell_.aml
42:412  0:073    10. 5dfa2000: 'NHLT', 'Dell Inc', Rev: 0, Len: 45 -> NHLT.aml
42:487  0:074    11. 5dfa1000: 'SSDT', 'UsbCTabl', Rev: 2, Len: 3256 -> SSDT-6-UsbCTabl.aml
42:564  0:077    12. 5dfa0000: 'LPIT', 'Dell Inc', Rev: 1, Len: 148 -> LPIT.aml
42:641  0:077    13. 5df9f000: 'SSDT', 'PtidDevc', Rev: 2, Len: 2933 -> SSDT-7-PtidDevc.aml
42:722  0:081    14. 5df9e000: 'SSDT', 'TbtTypeC', Rev: 2, Len: 4027 -> SSDT-8-TbtTypeC.aml
42:800  0:077    15. 5df9d000: 'DBGP', 'Dell Inc', Rev: 1, Len: 52 -> DBGP.aml
42:893  0:092    16. 5df9c000: 'DBG2', 'Dell Inc', Rev: 0, Len: 84 -> DBG2.aml
42:968  0:075    17. 5df9b000: 'SLIC', 'CBX3', Rev: 3, Len: 374 -> SLIC.aml
43:045  0:076    18. 5df9a000: 'BOOT', 'CBX3', Rev: 1, Len: 40 -> BOOT.aml
43:121  0:075    19. 5df99000: 'MSDM', 'CBX3', Rev: 3, Len: 85 -> MSDM.aml
43:197  0:075    20. 5df93000: 'SSDT', 'NvdTable', Rev: 1, Len: 15982
43:197  0:000    21. 5dffd000: 'DMAR', 'Dell Inc', Rev: 2, Len: 176
43:197  0:000    22. 5df98000: 'SSDT', 'ADebTabl', Rev: 2, Len: 342
43:197  0:000    23. 5df92000: 'BGRT', 'Dell Inc', Rev: 1, Len: 56
43:197  0:000    24. 5df91000: 'FPDT', 'Dell Inc', Rev: 1, Len: 52 -> FPDT.aml
43:271  0:074    Tables in Rsdt: 25
43:271  0:000    0. 5dfe7000: 'FACP', 'Dell Inc', Rev: 6, Len: 276
43:271  0:000        (Dsdt: 5DFA5000, Facs: 5DEFC000, XDsdt: 5dfa5000, XFacs: 0)
43:271  0:000        5dfa5000: 'DSDT', 'Dell Inc', Rev: 2, Len: 258040
43:271  0:000        5defc000: 'FACS', Ver: 2, Len: 64
43:271  0:000    1. 5dffb000: 'SSDT', 'CpuSsdt', Rev: 2, Len: 7009
43:271  0:000    2. 5dff6000: 'SSDT', 'DptfTabl', Rev: 2, Len: 19948
43:271  0:000    3. 5dff4000: 'SSDT', 'SaSsdt', Rev: 2, Len: 5460
43:271  0:000    4. 5dfe8000: 'SSDT', 'TcssSsdt', Rev: 2, Len: 45690
43:271  0:000    5. 5dfe6000: 'HPET', 'Dell Inc', Rev: 1, Len: 56
43:271  0:000    6. 5dfe5000: 'APIC', 'Dell Inc', Rev: 3, Len: 300
43:271  0:000    7. 5dfe4000: 'MCFG', 'Dell Inc', Rev: 1, Len: 60
43:271  0:000    8. 5dfa4000: 'SSDT', 'DellRtd3', Rev: 2, Len: 2265
43:271  0:000    9. 5dfa3000: 'SSDT', 'xh_Dell_', Rev: 2, Len: 3394
43:271  0:000    10. 5dfa2000: 'NHLT', 'Dell Inc', Rev: 0, Len: 45
43:271  0:000    11. 5dfa1000: 'SSDT', 'UsbCTabl', Rev: 2, Len: 3256
43:271  0:000    12. 5dfa0000: 'LPIT', 'Dell Inc', Rev: 1, Len: 148
43:271  0:000    13. 5df9f000: 'SSDT', 'PtidDevc', Rev: 2, Len: 2933
43:271  0:000    14. 5df9e000: 'SSDT', 'TbtTypeC', Rev: 2, Len: 4027
43:271  0:000    15. 5df9d000: 'DBGP', 'Dell Inc', Rev: 1, Len: 52
43:271  0:000    16. 5df9c000: 'DBG2', 'Dell Inc', Rev: 0, Len: 84
43:271  0:000    17. 5df9b000: 'SLIC', 'CBX3', Rev: 3, Len: 374
43:271  0:000    18. 5df9a000: 'BOOT', 'CBX3', Rev: 1, Len: 40
43:271  0:000    19. 5df99000: 'MSDM', 'CBX3', Rev: 3, Len: 85
43:271  0:000    20. 5df93000: 'SSDT', 'NvdTable', Rev: 1, Len: 15982
43:271  0:000    21. 5dffd000: 'DMAR', 'Dell Inc', Rev: 2, Len: 176
43:271  0:000    22. 5df98000: 'SSDT', 'ADebTabl', Rev: 2, Len: 342
43:271  0:000    23. 5df92000: 'BGRT', 'Dell Inc', Rev: 1, Len: 56
43:271  0:000    24. 5df91000: 'FPDT', 'Dell Inc', Rev: 1, Len: 52
43:271  0:000  Found UEFI Acpi 1.0 RSDP at 5dffe000
43:271  0:000  Printing ACPI tables from RSDP 5dffe000 ...
43:271  0:000   5dffe000: 'RSD PTR ', Rev: 0 (Acpi 1.0), Len: 20
43:271  0:000    (Rsdt: 5df97000)
43:271  0:000    5df97000: 'RSDT', 'Dell Inc', Rev: 1, Len: 136
43:271  0:000    Tables in Rsdt: 25
43:271  0:000    0. 5dfe7000: 'FACP', 'Dell Inc', Rev: 6, Len: 276
43:271  0:000        (Dsdt: 5DFA5000, Facs: 5DEFC000, XDsdt: 5dfa5000, XFacs: 0)
43:271  0:000        5dfa5000: 'DSDT', 'Dell Inc', Rev: 2, Len: 258040
43:271  0:000        5defc000: 'FACS', Ver: 2, Len: 64
43:271  0:000    1. 5dffb000: 'SSDT', 'CpuSsdt', Rev: 2, Len: 7009
43:271  0:000    2. 5dff6000: 'SSDT', 'DptfTabl', Rev: 2, Len: 19948
43:271  0:000    3. 5dff4000: 'SSDT', 'SaSsdt', Rev: 2, Len: 5460
43:271  0:000    4. 5dfe8000: 'SSDT', 'TcssSsdt', Rev: 2, Len: 45690
43:271  0:000    5. 5dfe6000: 'HPET', 'Dell Inc', Rev: 1, Len: 56
43:271  0:000    6. 5dfe5000: 'APIC', 'Dell Inc', Rev: 3, Len: 300
43:271  0:000    7. 5dfe4000: 'MCFG', 'Dell Inc', Rev: 1, Len: 60
43:271  0:000    8. 5dfa4000: 'SSDT', 'DellRtd3', Rev: 2, Len: 2265
43:271  0:000    9. 5dfa3000: 'SSDT', 'xh_Dell_', Rev: 2, Len: 3394
43:271  0:000    10. 5dfa2000: 'NHLT', 'Dell Inc', Rev: 0, Len: 45
43:271  0:000    11. 5dfa1000: 'SSDT', 'UsbCTabl', Rev: 2, Len: 3256
43:271  0:000    12. 5dfa0000: 'LPIT', 'Dell Inc', Rev: 1, Len: 148
43:271  0:000    13. 5df9f000: 'SSDT', 'PtidDevc', Rev: 2, Len: 2933
43:271  0:000    14. 5df9e000: 'SSDT', 'TbtTypeC', Rev: 2, Len: 4027
43:271  0:000    15. 5df9d000: 'DBGP', 'Dell Inc', Rev: 1, Len: 52
43:271  0:000    16. 5df9c000: 'DBG2', 'Dell Inc', Rev: 0, Len: 84
43:271  0:000    17. 5df9b000: 'SLIC', 'CBX3', Rev: 3, Len: 374
43:271  0:000    18. 5df9a000: 'BOOT', 'CBX3', Rev: 1, Len: 40
43:271  0:000    19. 5df99000: 'MSDM', 'CBX3', Rev: 3, Len: 85
43:271  0:000    20. 5df93000: 'SSDT', 'NvdTable', Rev: 1, Len: 15982
43:271  0:000    21. 5dffd000: 'DMAR', 'Dell Inc', Rev: 2, Len: 176
43:271  0:000    22. 5df98000: 'SSDT', 'ADebTabl', Rev: 2, Len: 342
43:271  0:000    23. 5df92000: 'BGRT', 'Dell Inc', Rev: 1, Len: 56
43:271  0:000    24. 5df91000: 'FPDT', 'Dell Inc', Rev: 1, Len: 52
73:054  29:782  open 0 audio handle status=Success
73:054  0:000    Channels: 2  Sample rate: 8000 Hz  Bits: 16
73:054  0:000  output to channel 0 with volume 0, len=25600
73:054  0:000   sound channels=2 bits=16 freq=8000
73:054  0:000  sound play end with status=Not Found
HdaCodecDump Start
Codec: Realtek ALC236
Address: 0
AFG Function Id: 0x1 (unsol 1)
Vendor ID: 0x10EC0236
Revision ID: 0x00100002
Default PCM:
    rates [0x0560]: 44100 48000 96000 192000
    bits [0x000E]: 16 20 24
    formats [0x00000001]: PCM
Default Amp-In caps: N/A
Default Amp-Out caps: N/A
Node 0x02 [Audio Output] wcaps 0x0000041D: Stereo Amp-Out
  Amp-Out caps: ofs=0x57, nsteps=0x57, stepsize=02, mute=0
  Amp-Out vals: [0x57 0x57]
Node 0x03 [Audio Output] wcaps 0x0000041D: Stereo Amp-Out
  Amp-Out caps: ofs=0x57, nsteps=0x57, stepsize=02, mute=0
  Amp-Out vals: [0x57 0x57]
Node 0x04 [Vendor Defined Widget] wcaps 0x00F00000: Mono
Node 0x05 [Vendor Defined Widget] wcaps 0x00F00000: Mono
Node 0x06 [Audio Output] wcaps 0x00000611: Stereo Digital
Node 0x07 [Audio Input] wcaps 0x0010051B: Stereo Amp-In
  Amp-In caps: ofs=0x17, nsteps=0x3F, stepsize=02, mute=1
  Amp-In vals: [0x97 0x97]
  Connection: 1
     0x24
Node 0x08 [Audio Input] wcaps 0x0010051B: Stereo Amp-In
  Amp-In caps: ofs=0x17, nsteps=0x3F, stepsize=02, mute=1
  Amp-In vals: [0x97 0x97]
  Connection: 1
     0x23
Node 0x09 [Audio Input] wcaps 0x0010051B: Stereo Amp-In
  Amp-In caps: ofs=0x17, nsteps=0x3F, stepsize=02, mute=1
  Amp-In vals: [0x97 0x97]
  Connection: 1
     0x22
Node 0x0A [Vendor Defined Widget] wcaps 0x00F00000: Mono
Node 0x0B [Vendor Defined Widget] wcaps 0x00F00000: Mono
Node 0x0C [Vendor Defined Widget] wcaps 0x00F00000: Mono
Node 0x0D [Vendor Defined Widget] wcaps 0x00F00000: Mono
Node 0x0E [Vendor Defined Widget] wcaps 0x00F00000: Mono
Node 0x0F [Vendor Defined Widget] wcaps 0x00F00000: Mono
Node 0x10 [Vendor Defined Widget] wcaps 0x00F00000: Mono
Node 0x11 [Vendor Defined Widget] wcaps 0x00F00000: Mono
Node 0x12 [Pin Complex] wcaps 0x0040040B: Stereo Amp-In
  Amp-In caps: ofs=0x00, nsteps=0x03, stepsize=27, mute=0
  Amp-In vals:
  Pincap 0x00000020: IN
  Pin Default 0xB7A60130: [Fixed] Mic at Other Special
    Conn = Digital, Color = Unknown
    DefAssociation = 0x3, Sequence = 0x0
  Pin-ctls: 0x00:
Node 0x13 [Pin Complex] wcaps 0x0040040B: Stereo Amp-In
  Amp-In caps: ofs=0x00, nsteps=0x03, stepsize=27, mute=0
  Amp-In vals:
  Pincap 0x00000020: IN
  Pin Default 0x400000F0: [None] Line Out at Ext N/A
    Conn = Unknown, Color = Unknown
    DefAssociation = 0xF, Sequence = 0x0
  Pin-ctls: 0x00:
Node 0x14 [Pin Complex] wcaps 0x0040058D: Stereo Amp-Out
  Amp-Out caps: ofs=0x00, nsteps=0x00, stepsize=00, mute=1
  Amp-Out vals: [0x00 0x00]
  Pincap 0x00010014: OUT EAPD Detect
  EAPD 0x2: EAPD
  Pin Default 0x90170110: [Fixed] Speaker at Int N/A
    Conn = Analog, Color = Unknown
    DefAssociation = 0x1, Sequence = 0x0
  Pin-ctls: 0x40: OUT
  Connection: 1
     0x02
Node 0x15 [Vendor Defined Widget] wcaps 0x00F00000: Mono
Node 0x16 [Vendor Defined Widget] wcaps 0x00F00000: Mono
Node 0x17 [Vendor Defined Widget] wcaps 0x00F00000: Mono
Node 0x18 [Pin Complex] wcaps 0x0040048B: Stereo Amp-In
  Amp-In caps: ofs=0x00, nsteps=0x03, stepsize=27, mute=0
  Amp-In vals:
  Pincap 0x00003724: IN Detect
  Pin Default 0x411111F0: [None] Speaker at Ext Rear
    Conn = 1/8, Color = Black
    DefAssociation = 0xF, Sequence = 0x0
  Pin-ctls: 0x20: IN
Node 0x19 [Pin Complex] wcaps 0x0040048B: Stereo Amp-In
  Amp-In caps: ofs=0x00, nsteps=0x03, stepsize=27, mute=0
  Amp-In vals:
  Pincap 0x00003724: IN Detect
  Pin Default 0x411111F0: [None] Speaker at Ext Rear
    Conn = 1/8, Color = Black
    DefAssociation = 0xF, Sequence = 0x0
  Pin-ctls: 0x20: IN
Node 0x1A [Pin Complex] wcaps 0x0040048B: Stereo Amp-In
  Amp-In caps: ofs=0x00, nsteps=0x03, stepsize=27, mute=0
  Amp-In vals:
  Pincap 0x00003724: IN Detect
  Pin Default 0x411111F0: [None] Speaker at Ext Rear
    Conn = 1/8, Color = Black
    DefAssociation = 0xF, Sequence = 0x0
  Pin-ctls: 0x00:
Node 0x1B [Pin Complex] wcaps 0x0040058F: Stereo Amp-In Amp-Out
  Amp-In caps: ofs=0x00, nsteps=0x03, stepsize=27, mute=0
  Amp-In vals: [0x00 0x00] [0x00 0x00]
  Amp-Out caps: ofs=0x00, nsteps=0x00, stepsize=00, mute=1
  Amp-Out vals: [0x80 0x80]
  Pincap 0x00013734: IN OUT EAPD Detect
  EAPD 0x2: EAPD
  Pin Default 0x411111F0: [None] Speaker at Ext Rear
    Conn = 1/8, Color = Black
    DefAssociation = 0xF, Sequence = 0x0
  Pin-ctls: 0x20: IN
  Connection: 2
     0x02 0x03
Node 0x1C [Vendor Defined Widget] wcaps 0x00F00000: Mono
Node 0x1D [Pin Complex] wcaps 0x00400400: Mono
  Pincap 0x00000020: IN
  Pin Default 0x40400001: [None] SPDIF Out at Ext N/A
    Conn = Unknown, Color = Unknown
    DefAssociation = 0x0, Sequence = 0x1
  Pin-ctls: 0x20: IN
Node 0x1E [Pin Complex] wcaps 0x00400781: Stereo Digital
  Pincap 0x00000014: OUT Detect
  Pin Default 0x411111F0: [None] Speaker at Ext Rear
    Conn = 1/8, Color = Black
    DefAssociation = 0xF, Sequence = 0x0
  Pin-ctls: 0x40: OUT
  Connection: 1
     0x06
Node 0x1F [Vendor Defined Widget] wcaps 0x00F00000: Mono
Node 0x20 [Vendor Defined Widget] wcaps 0x00F00040: Mono
Node 0x21 [Pin Complex] wcaps 0x0040058D: Stereo Amp-Out
  Amp-Out caps: ofs=0x00, nsteps=0x00, stepsize=00, mute=1
  Amp-Out vals: [0x80 0x80]
  Pincap 0x0001001C: OUT HP EAPD Detect
  EAPD 0x2: EAPD
  Pin Default 0x02211020: [Jack] HP Out at Ext Front
    Conn = 1/8, Color = Black
    DefAssociation = 0x2, Sequence = 0x0
  Pin-ctls: 0x00:
  Connection: 2
     0x02 0x03
Node 0x22 [Audio Mixer] wcaps 0x0020010B: Stereo Amp-In
  Amp-In caps: ofs=0x00, nsteps=0x00, stepsize=00, mute=1
  Amp-In vals: [0x80 0x80] [0x80 0x80] [0x80 0x80] [0x80 0x80] [0x80 0x80]
  Connection: 5
     0x18 0x19 0x1A 0x1B 0x1D
Node 0x23 [Audio Mixer] wcaps 0x0020010B: Stereo Amp-In
  Amp-In caps: ofs=0x00, nsteps=0x00, stepsize=00, mute=1
  Amp-In vals: [0x80 0x80] [0x80 0x80] [0x80 0x80] [0x80 0x80] [0x80 0x80] [0x80 0x80]
  Connection: 6
     0x18 0x19 0x1A 0x1B 0x1D 0x12
Node 0x24 [Audio Selector] wcaps 0x00300101: Stereo
  Connection: 2
     0x12 0x13
HdaCodecDump Start
Codec: Realtek ALC236
Address: 0
AFG Function Id: 0x1 (unsol 1)
Vendor ID: 0x10EC0236
Revision ID: 0x00100002
Default PCM:
    rates [0x0560]: 44100 48000 96000 192000
    bits [0x000E]: 16 20 24
    formats [0x00000001]: PCM
Default Amp-In caps: N/A
Default Amp-Out caps: N/A
Node 0x02 [Audio Output] wcaps 0x0000041D: Stereo Amp-Out
  Amp-Out caps: ofs=0x57, nsteps=0x57, stepsize=02, mute=0
  Amp-Out vals: [0x57 0x57]
Node 0x03 [Audio Output] wcaps 0x0000041D: Stereo Amp-Out
  Amp-Out caps: ofs=0x57, nsteps=0x57, stepsize=02, mute=0
  Amp-Out vals: [0x57 0x57]
Node 0x04 [Vendor Defined Widget] wcaps 0x00F00000: Mono
Node 0x05 [Vendor Defined Widget] wcaps 0x00F00000: Mono
Node 0x06 [Audio Output] wcaps 0x00000611: Stereo Digital
Node 0x07 [Audio Input] wcaps 0x0010051B: Stereo Amp-In
  Amp-In caps: ofs=0x17, nsteps=0x3F, stepsize=02, mute=1
  Amp-In vals: [0x97 0x97]
  Connection: 1
     0x24
Node 0x08 [Audio Input] wcaps 0x0010051B: Stereo Amp-In
  Amp-In caps: ofs=0x17, nsteps=0x3F, stepsize=02, mute=1
  Amp-In vals: [0x97 0x97]
  Connection: 1
     0x23
Node 0x09 [Audio Input] wcaps 0x0010051B: Stereo Amp-In
  Amp-In caps: ofs=0x17, nsteps=0x3F, stepsize=02, mute=1
  Amp-In vals: [0x97 0x97]
  Connection: 1
     0x22
Node 0x0A [Vendor Defined Widget] wcaps 0x00F00000: Mono
Node 0x0B [Vendor Defined Widget] wcaps 0x00F00000: Mono
Node 0x0C [Vendor Defined Widget] wcaps 0x00F00000: Mono
Node 0x0D [Vendor Defined Widget] wcaps 0x00F00000: Mono
Node 0x0E [Vendor Defined Widget] wcaps 0x00F00000: Mono
Node 0x0F [Vendor Defined Widget] wcaps 0x00F00000: Mono
Node 0x10 [Vendor Defined Widget] wcaps 0x00F00000: Mono
Node 0x11 [Vendor Defined Widget] wcaps 0x00F00000: Mono
Node 0x12 [Pin Complex] wcaps 0x0040040B: Stereo Amp-In
  Amp-In caps: ofs=0x00, nsteps=0x03, stepsize=27, mute=0
  Amp-In vals:
  Pincap 0x00000020: IN
  Pin Default 0xB7A60130: [Fixed] Mic at Other Special
    Conn = Digital, Color = Unknown
    DefAssociation = 0x3, Sequence = 0x0
  Pin-ctls: 0x00:
Node 0x13 [Pin Complex] wcaps 0x0040040B: Stereo Amp-In
  Amp-In caps: ofs=0x00, nsteps=0x03, stepsize=27, mute=0
  Amp-In vals:
  Pincap 0x00000020: IN
  Pin Default 0x400000F0: [None] Line Out at Ext N/A
    Conn = Unknown, Color = Unknown
    DefAssociation = 0xF, Sequence = 0x0
  Pin-ctls: 0x00:
Node 0x14 [Pin Complex] wcaps 0x0040058D: Stereo Amp-Out
  Amp-Out caps: ofs=0x00, nsteps=0x00, stepsize=00, mute=1
  Amp-Out vals: [0x00 0x00]
  Pincap 0x00010014: OUT EAPD Detect
  EAPD 0x2: EAPD
  Pin Default 0x90170110: [Fixed] Speaker at Int N/A
    Conn = Analog, Color = Unknown
    DefAssociation = 0x1, Sequence = 0x0
  Pin-ctls: 0x40: OUT
  Connection: 1
     0x02
Node 0x15 [Vendor Defined Widget] wcaps 0x00F00000: Mono
Node 0x16 [Vendor Defined Widget] wcaps 0x00F00000: Mono
Node 0x17 [Vendor Defined Widget] wcaps 0x00F00000: Mono
Node 0x18 [Pin Complex] wcaps 0x0040048B: Stereo Amp-In
  Amp-In caps: ofs=0x00, nsteps=0x03, stepsize=27, mute=0
  Amp-In vals:
  Pincap 0x00003724: IN Detect
  Pin Default 0x411111F0: [None] Speaker at Ext Rear
    Conn = 1/8, Color = Black
    DefAssociation = 0xF, Sequence = 0x0
  Pin-ctls: 0x20: IN
Node 0x19 [Pin Complex] wcaps 0x0040048B: Stereo Amp-In
  Amp-In caps: ofs=0x00, nsteps=0x03, stepsize=27, mute=0
  Amp-In vals:
  Pincap 0x00003724: IN Detect
  Pin Default 0x411111F0: [None] Speaker at Ext Rear
    Conn = 1/8, Color = Black
    DefAssociation = 0xF, Sequence = 0x0
  Pin-ctls: 0x20: IN
Node 0x1A [Pin Complex] wcaps 0x0040048B: Stereo Amp-In
  Amp-In caps: ofs=0x00, nsteps=0x03, stepsize=27, mute=0
  Amp-In vals:
  Pincap 0x00003724: IN Detect
  Pin Default 0x411111F0: [None] Speaker at Ext Rear
    Conn = 1/8, Color = Black
    DefAssociation = 0xF, Sequence = 0x0
  Pin-ctls: 0x00:
Node 0x1B [Pin Complex] wcaps 0x0040058F: Stereo Amp-In Amp-Out
  Amp-In caps: ofs=0x00, nsteps=0x03, stepsize=27, mute=0
  Amp-In vals: [0x00 0x00] [0x00 0x00]
  Amp-Out caps: ofs=0x00, nsteps=0x00, stepsize=00, mute=1
  Amp-Out vals: [0x80 0x80]
  Pincap 0x00013734: IN OUT EAPD Detect
  EAPD 0x2: EAPD
  Pin Default 0x411111F0: [None] Speaker at Ext Rear
    Conn = 1/8, Color = Black
    DefAssociation = 0xF, Sequence = 0x0
  Pin-ctls: 0x20: IN
  Connection: 2
     0x02 0x03
Node 0x1C [Vendor Defined Widget] wcaps 0x00F00000: Mono
Node 0x1D [Pin Complex] wcaps 0x00400400: Mono
  Pincap 0x00000020: IN
  Pin Default 0x40400001: [None] SPDIF Out at Ext N/A
    Conn = Unknown, Color = Unknown
    DefAssociation = 0x0, Sequence = 0x1
  Pin-ctls: 0x20: IN
Node 0x1E [Pin Complex] wcaps 0x00400781: Stereo Digital
  Pincap 0x00000014: OUT Detect
  Pin Default 0x411111F0: [None] Speaker at Ext Rear
    Conn = 1/8, Color = Black
    DefAssociation = 0xF, Sequence = 0x0
  Pin-ctls: 0x40: OUT
  Connection: 1
     0x06
Node 0x1F [Vendor Defined Widget] wcaps 0x00F00000: Mono
Node 0x20 [Vendor Defined Widget] wcaps 0x00F00040: Mono
Node 0x21 [Pin Complex] wcaps 0x0040058D: Stereo Amp-Out
  Amp-Out caps: ofs=0x00, nsteps=0x00, stepsize=00, mute=1
  Amp-Out vals: [0x80 0x80]
  Pincap 0x0001001C: OUT HP EAPD Detect
  EAPD 0x2: EAPD
  Pin Default 0x02211020: [Jack] HP Out at Ext Front
    Conn = 1/8, Color = Black
    DefAssociation = 0x2, Sequence = 0x0
  Pin-ctls: 0x00:
  Connection: 2
     0x02 0x03
Node 0x22 [Audio Mixer] wcaps 0x0020010B: Stereo Amp-In
  Amp-In caps: ofs=0x00, nsteps=0x00, stepsize=00, mute=1
  Amp-In vals: [0x80 0x80] [0x80 0x80] [0x80 0x80] [0x80 0x80] [0x80 0x80]
  Connection: 5
     0x18 0x19 0x1A 0x1B 0x1D
Node 0x23 [Audio Mixer] wcaps 0x0020010B: Stereo Amp-In
  Amp-In caps: ofs=0x00, nsteps=0x00, stepsize=00, mute=1
  Amp-In vals: [0x80 0x80] [0x80 0x80] [0x80 0x80] [0x80 0x80] [0x80 0x80] [0x80 0x80]
  Connection: 6
     0x18 0x19 0x1A 0x1B 0x1D 0x12
Node 0x24 [Audio Selector] wcaps 0x00300101: Stereo
  Connection: 2
     0x12 0x13
HdaCodecDump Start
Codec: Intel (Unknown)
Address: 2
AFG Function Id: 0x1 (unsol 0)
Vendor ID: 0x8086280F
Revision ID: 0x00100000
Default PCM: N/A
Default Amp-In caps: N/A
Default Amp-Out caps: N/A
Node 0x03 [Audio Output] wcaps 0x00006611: Stereo Digital
Node 0x04 [Pin Complex] wcaps 0x0040778D: Stereo Digital Amp-Out
  Amp-Out caps: ofs=0x00, nsteps=0x00, stepsize=00, mute=1
  Amp-Out vals: [0x00 0x00]
  Pincap 0x09000094: OUT Detect HBR HDMI DP
  Pin Default 0x18560010: [Jack] Digital Out at Int Special
    Conn = Digital, Color = Unknown
    DefAssociation = 0x1, Sequence = 0x0
  Pin-ctls: 0x00:
  Connection: 1
     0x03
96:284  15:650  AnimeRun=0
103:935  7:651  BootVariable of the entry is empty
103:935  0:000  === [ StartLoader ] =============================
103:935  0:000  Starting PciRoot(0x0)\Pci(0x1D,0x0)\Pci(0x0,0x0)\NVMe(0x1,3A-39-B0-81-5A-38-25-00)\HD(2,GPT,FD68AD76-B9F4-4BD2-8F4C-33533BC557AF,0x64028,0x3B93D260)\VenMedia(BE74FCF7-0B7C-49F3-9147-01F4042E6842,5BDB7F33F84F9746854BF5818AE2974F)\1B5F0106-2189-38E6-8425-F7787496BA52\System\Library\CoreServices\boot.efi
103:935  0:000  Finally: ExternalClock=25MHz BusSpeed=99842kHz CPUFreq=1498MHz PIS: hw.busfrequency=100000000Hz
103:935  0:000  Beginning OC
103:935  0:000  OCCPU: TSC Adjust 0
103:935  0:000  OCCPU: Queried Core Crystal Clock Frequency    38400000Hz
103:935  0:000  OCCPU: CPUFrequencyFromART  1497600000Hz  1497MHz = 38400000 * 78 / 2
103:935  0:000  OCST: Missing vault data, ignoring...
103:935  0:000  config-oc.plist isn't use at all
103:935  0:000  AddKextsInArray from Other
103:935  0:000  ->Extra kext: Other\AirportBrcmFixup.kext (v.2.1.2)
103:935  0:000      |-- PlugIn kext: Other\AirportBrcmFixup.kext\Contents\PlugIns\AirPortBrcmNIC_Injector.kext (v.1.0)
103:935  0:000  ->Extra kext: Other\AppleALC.kext (v.1.5.8)
103:935  0:000  ->Extra kext: Other\BrcmBluetoothInjector.kext (v.2.5.7)
103:935  0:000  ->Extra kext: Other\BrcmFirmwareData.kext (v.2.5.7)
103:935  0:000  ->Extra kext: Other\BrcmPatchRAM3.kext (v.2.5.7)
103:935  0:000  ->Extra kext: Other\BrightnessKeys.kext (v.1.0.2)
103:935  0:000  ->Extra kext: Other\Lilu.kext (v.1.5.1)
103:935  0:000  ->Extra kext: Other\NVMeFix.kext (v.1.0.5)
103:935  0:000  ->Extra kext: Other\RealtekRTL8111.kext (v.2.4.0)
103:935  0:000  ->Extra kext: Other\RestrictEvents.kext (v.1.0.0)
103:935  0:000  ->Extra kext: Other\SMCBatteryManager.kext (v.1.2.1)
103:935  0:000  ->Extra kext: Other\SMCDellSensors.kext (v.1.2.1)
103:935  0:000  ->Extra kext: Other\SMCProcessor.kext (v.1.2.1)
103:935  0:000  ->Extra kext: Other\USBPorts.kext (v.1.0)
103:935  0:000  ->Extra kext: Other\VirtualSMC.kext (v.1.2.1)
103:935  0:000  ->Extra kext: Other\VoodooI2C.kext (v.2.6.5)
103:935  0:000      |-- PlugIn kext: Other\VoodooI2C.kext\Contents\PlugIns\VoodooGPIO.kext (v.1.1)
103:935  0:000      |-- PlugIn kext: Other\VoodooI2C.kext\Contents\PlugIns\VoodooI2CServices.kext (v.1)
103:935  0:000      |-- PlugIn kext: Other\VoodooI2C.kext\Contents\PlugIns\VoodooInput.kext (v.1.1.1)
103:935  0:000  ->Extra kext: Other\VoodooI2CHID.kext (v.1)
103:935  0:000  ->Extra kext: Other\VoodooPS2Controller.kext (v.2.2.2)
103:935  0:000      |-- PlugIn kext: Other\VoodooPS2Controller.kext\Contents\PlugIns\VoodooPS2Keyboard.kext (v.2.2.2)
103:935  0:000  ->Extra kext: Other\WhateverGreen.kext (v.1.4.8)
103:935  0:000  GetOtherKextsDir(FALSE) return NULL
103:935  0:000  AddKextsInArray from 11
103:935  0:000  AddKextsInArray from 11_normal
103:935  0:000  AddKextsInArray from 11.2
103:935  0:000  AddKextsInArray from 11.2_normal
103:935  0:000  AddKextsInArray from 11.2.3
103:935  0:000  AddKextsInArray from 11.2.3_normal
103:935  0:000  Bridge kext to OC : Path=Lilu.kext
103:935  0:000  info plist path: Kexts\Other\Lilu.kext\Contents\Info.plist
103:937  0:001  assign executable as 'Contents\MacOS\Lilu'
103:937  0:000  Bridge kext to OC : Path=VirtualSMC.kext
103:937  0:000  info plist path: Kexts\Other\VirtualSMC.kext\Contents\Info.plist
103:937  0:000  assign executable as 'Contents\MacOS\VirtualSMC'
103:937  0:000  Bridge kext to OC : Path=WhateverGreen.kext
103:937  0:000  info plist path: Kexts\Other\WhateverGreen.kext\Contents\Info.plist
103:938  0:000  assign executable as 'Contents\MacOS\WhateverGreen'
103:938  0:000  Bridge kext to OC : Path=AppleALC.kext
103:938  0:000  info plist path: Kexts\Other\AppleALC.kext\Contents\Info.plist
103:952  0:014  assign executable as 'Contents\MacOS\AppleALC'
103:952  0:000  Bridge kext to OC : Path=SMCProcessor.kext
103:952  0:000  info plist path: Kexts\Other\SMCProcessor.kext\Contents\Info.plist
103:953  0:000  assign executable as 'Contents\MacOS\SMCProcessor'
103:953  0:000  Bridge kext to OC : Path=USBPorts.kext
103:953  0:000  info plist path: Kexts\Other\USBPorts.kext\Contents\Info.plist
103:953  0:000  Bridge kext to OC : Path=VoodooGPIO.kext
103:953  0:000  info plist path: Kexts\Other\VoodooI2C.kext\Contents\PlugIns\VoodooGPIO.kext\Contents\Info.plist
103:953  0:000  assign executable as 'Contents\MacOS\VoodooGPIO'
103:953  0:000  Bridge kext to OC : Path=VoodooI2CServices.kext
103:953  0:000  info plist path: Kexts\Other\VoodooI2C.kext\Contents\PlugIns\VoodooI2CServices.kext\Contents\Info.plist
103:953  0:000  assign executable as 'Contents\MacOS\VoodooI2CServices'
103:953  0:000  Bridge kext to OC : Path=VoodooI2C.kext
103:953  0:000  info plist path: Kexts\Other\VoodooI2C.kext\Contents\Info.plist
103:953  0:000  assign executable as 'Contents\MacOS\VoodooI2C'
103:953  0:000  Bridge kext to OC : Path=VoodooI2CHID.kext
103:953  0:000  info plist path: Kexts\Other\VoodooI2CHID.kext\Contents\Info.plist
103:954  0:000  assign executable as 'Contents\MacOS\VoodooI2CHID'
103:954  0:000  Bridge kext to OC : Path=BrcmFirmwareData.kext
103:954  0:000  info plist path: Kexts\Other\BrcmFirmwareData.kext\Contents\Info.plist
103:956  0:002  assign executable as 'Contents\MacOS\BrcmFirmwareData'
103:956  0:000  Bridge kext to OC : Path=BrcmPatchRAM3.kext
103:956  0:000  info plist path: Kexts\Other\BrcmPatchRAM3.kext\Contents\Info.plist
103:958  0:001  assign executable as 'Contents\MacOS\BrcmPatchRAM3'
103:958  0:000  Bridge kext to OC : Path=AirportBrcmFixup.kext
103:958  0:000  info plist path: Kexts\Other\AirportBrcmFixup.kext\Contents\Info.plist
103:958  0:000  assign executable as 'Contents\MacOS\AirportBrcmFixup'
103:958  0:000  Bridge kext to OC : Path=AirPortBrcmNIC_Injector.kext
103:958  0:000  info plist path: Kexts\Other\AirportBrcmFixup.kext\Contents\PlugIns\AirPortBrcmNIC_Injector.kext\Contents\Info.plist
103:958  0:000  Bridge kext to OC : Path=BrcmBluetoothInjector.kext
103:958  0:000  info plist path: Kexts\Other\BrcmBluetoothInjector.kext\Contents\Info.plist
103:960  0:001  Bridge kext to OC : Path=BrightnessKeys.kext
103:960  0:000  info plist path: Kexts\Other\BrightnessKeys.kext\Contents\Info.plist
103:960  0:000  assign executable as 'Contents\MacOS\BrightnessKeys'
103:960  0:000  Bridge kext to OC : Path=NVMeFix.kext
103:960  0:000  info plist path: Kexts\Other\NVMeFix.kext\Contents\Info.plist
103:960  0:000  assign executable as 'Contents\MacOS\NVMeFix'
103:960  0:000  Bridge kext to OC : Path=RealtekRTL8111.kext
103:960  0:000  info plist path: Kexts\Other\RealtekRTL8111.kext\Contents\Info.plist
103:960  0:000  assign executable as 'Contents\MacOS\RealtekRTL8111'
103:960  0:000  Bridge kext to OC : Path=RestrictEvents.kext
103:960  0:000  info plist path: Kexts\Other\RestrictEvents.kext\Contents\Info.plist
103:961  0:000  assign executable as 'Contents\MacOS\RestrictEvents'
103:961  0:000  Bridge kext to OC : Path=SMCBatteryManager.kext
103:961  0:000  info plist path: Kexts\Other\SMCBatteryManager.kext\Contents\Info.plist
103:961  0:000  assign executable as 'Contents\MacOS\SMCBatteryManager'
103:961  0:000  Bridge kext to OC : Path=SMCDellSensors.kext
103:961  0:000  info plist path: Kexts\Other\SMCDellSensors.kext\Contents\Info.plist
103:961  0:000  assign executable as 'Contents\MacOS\SMCDellSensors'
103:961  0:000  Bridge kext to OC : Path=VoodooInput.kext
103:962  0:000  info plist path: Kexts\Other\VoodooI2C.kext\Contents\PlugIns\VoodooInput.kext\Contents\Info.plist
103:962  0:000  assign executable as 'Contents\MacOS\VoodooInput'
103:962  0:000  Bridge kext to OC : Path=VoodooPS2Controller.kext
103:962  0:000  info plist path: Kexts\Other\VoodooPS2Controller.kext\Contents\Info.plist
103:962  0:000  assign executable as 'Contents\MacOS\VoodooPS2Controller'
103:962  0:000  Bridge kext to OC : Path=VoodooPS2Keyboard.kext
103:962  0:000  info plist path: Kexts\Other\VoodooPS2Controller.kext\Contents\PlugIns\VoodooPS2Keyboard.kext\Contents\Info.plist
103:962  0:000  assign executable as 'Contents\MacOS\VoodooPS2Keyboard'
103:967  0:005  Load OpenRuntime.efi : Status Success
103:968  0:000  Start OpenRuntime.efi : Status Success
103:968  0:000  OC: OcMiscEarlyInit...
103:968  0:000  OC: Watchdog status is 1
103:968  0:000  OC: OpenCore DBG-061-2021-02-23 is loading in Optional mode (0/0)...
103:968  0:000  OC: Boot timestamp - 2021.03.13 15:17:01
103:968  0:000  OCCPU: Found Intel(R) Core(TM) i7-1065G7 CPU @ 1.30GHz
103:968  0:000  OCCPU: Signature 706E5 Stepping 5 Model 7E Family 6 Type 0 ExtModel 7 ExtFamily 0 uCode A0
103:968  0:000  OCCPU: EIST CFG Lock 0
103:968  0:000  OCCPU: Discovered CpuFamily 6 CpuModel 126 CpuStepping 5 CpuGeneration 0
103:968  0:000  OCCPU: Ratio Min 4 Max 15 Current 35 Turbo 39 38 35 35
103:968  0:000  OCCPU: Detected Apple Processor Type: 07 -> 0709
103:968  0:000  OCCPU: CPUFrequencyFromTSC           0Hz     0MHz
103:968  0:000  OCCPU: CPUFrequency  1497600000Hz  1497MHz
103:968  0:000  OCCPU: FSBFrequency    99840000Hz    99MHz
103:968  0:000  OCCPU: Pkg 0 Cores 4 Threads 8
103:968  0:000  OC: OcLoadNvramSupport...
103:968  0:000  OC: Current version is DBG-061-2021-02-23
103:968  0:000  OC: OcMiscMiddleInit...
103:968  0:000  OC: LoadHandle 0 with BootProtect in  mode - Unsupported
103:969  0:000  OC: OcLoadUefiSupport...
103:969  0:000  OcAppleEventInstallProtocol
103:969  0:000  InternalCreateQueueEvent
103:969  0:000  EventCreateSimplePointerInstallNotifyEvent
103:969  0:000  InternalSimplePointerInstallNotifyFunction
103:969  0:000  InternalRegisterSimplePointerInterface
103:969  0:000  InternalRegisterSimplePointerInterface
103:969  0:000  InternalRegisterSimplePointerInterface
103:970  0:000  OcOSInfoInstallProtocol
103:970  0:000  OCRTC: OcAppleRtcRamInstallProtocol
103:970  0:000  OCRTC: Wake log is 0xB5 0x30   9 0x08
103:970  0:000  OcAppleFbInfoInstallProtocol
103:970  0:000  OC: Loading Apple Secure Boot with Disabled (level 0)
103:970  0:000  OCABC: RTDFRG 1 DEVMMIO 1 NOSU 0 NOVRWR 0 NOSB 0 NOHBMAP 0 SMSLIDE 1 WRUNPROT 1
103:970  0:000  OCABC: FEXITBS 0 PRMRG 0 CSLIDE 1 MSLIDE 0 PRSRV 1 RBMAP 1 VMAP 1 APPLOS 0 RTPERMS 1
103:970  0:000  OCABC: Got rendezvous with OpenRuntime r11
103:970  0:000  OCABC: MAT support is 1
103:970  0:000  OC: RBVR 0 DDBR 0
103:971  0:000  OC: Got 0 drivers
103:971  0:000  OCC: GOP exists on ConsoleOutHandle and has 5 modes
103:971  0:000  OC: Requested resolution is 1920x1080@0 (max: 0) from 1920x1080
103:971  0:000  OCC: Requesting 1920x1080@0 (max: 0) resolution, curr 0, total 5
103:971  0:000  OCC: Mode 0 - 1920x1080:1
103:971  0:000  OCC: Current mode matches desired mode 0
103:971  0:000  OC: Changed resolution to 1920x1080@0 (max: 0) from 1920x1080 - Already started
103:971  0:000  OCC: Using builtin text renderer with 1 scale
103:972  0:001  OCC: Install console control (44B406A0/0/0), current - Success
103:972  0:000  OCC: Setup ASCII Output - Success
103:972  0:000  OC: Requested console mode is 0x0 (max: 0) from 
103:972  0:000  OC: Requested not to use audio
103:972  0:000  OC: OcMiscLateInit...
103:972  0:000  OC: Invalid HibernateMode: 
103:972  0:000  OC: Translated HibernateMode  to 0
103:972  0:000  OC: Hibernation detection status is Not Found
103:972  0:000  OC: OcLoadKernelSupport...
103:972  0:000  OC: All green, starting boot management...
103:973  0:000  OCB: Arch filtering 58328018(739896)->58328018(739896) caps 4 - Success
103:984  0:010  GetOSVersion: 11.2.3 (20D91)
103:984  0:000  Will not patch boot.efi
103:984  0:000  === [ PatchSmbios ] =============================
103:984  0:000  insert table 9 for dev 0:0
103:984  0:000  insert table 9 for dev 0:0
103:984  0:000  Table 11 present, but rewritten for us
103:985  0:000  Trusting SMBIOS...
103:985  0:000  Detected alternating SMBIOS channel banks
103:985  0:000  Channels: 2
103:985  0:000  Interleave: 0 2 1 3 4 6 5 7 8 10 9 11 12 14 13 15 16 18 17 19 20 22 21 23
103:985  0:000  trusted SMBIOS data:
103:985  0:000  SmbiosTable.Type17->Vendor = 80AD00000000
103:985  0:000  SmbiosTable.Type17->SerialNumber = 21D8BCBE
103:985  0:000  SmbiosTable.Type17->PartNumber = HMA81GS6CJR8N-XN    
103:985  0:000   partNum=HMA81GS6CJR8N-XN    
103:985  0:000  SPD data in use:
103:985  0:000  SmbiosTable.Type17->Vendor = SK Hynix
103:985  0:000  SmbiosTable.Type17->SerialNumber = 21D8BCBE
103:985  0:000  SmbiosTable.Type17->PartNumber = HMA81GS6CJR8N-XN
103:985  0:000  SMBIOS Type 17 Index = 0 => 0 0:
103:985  0:000  BANK 0 DIMM0 3200MHz 8192MB(Ext:0MB)
103:985  0:000  trusted SMBIOS data:
103:985  0:000  SmbiosTable.Type17->Vendor = 80AD00000000
103:985  0:000  SmbiosTable.Type17->SerialNumber = 21A28F71
103:985  0:000  SmbiosTable.Type17->PartNumber = HMA81GS6DJR8N-XN    
103:985  0:000   partNum=HMA81GS6DJR8N-XN    
103:985  0:000  SPD data in use:
103:985  0:000  SmbiosTable.Type17->Vendor = SK Hynix
103:985  0:000  SmbiosTable.Type17->SerialNumber = 21A28F71
103:985  0:000  SmbiosTable.Type17->PartNumber = HMA81GS6DJR8N-XN
103:985  0:000  SMBIOS Type 17 Index = 1 => 1 2:
103:985  0:000  BANK 1 DIMM0 3200MHz 8192MB(Ext:0MB)
103:985  0:000  mTotalSystemMemory = 16384
103:985  0:000  NumberOfMemoryDevices = 2
103:985  0:000  Table 131 is present, CPUType=31
103:985  0:000  Change to: 70B
103:985  0:000  === [ PatchACPI ] ===============================
103:985  0:000  Xsdt reallocation done
103:985  0:000  old FADT length=114
103:985  0:000   SignatureFixup: 0xFBF6FED9 -> 0x0
103:985  0:000  Found OperationRegion(GNVS, SystemMemory, 5DF0D000, ...)
103:985  0:000  Found OperationRegion(PNVA, SystemMemory, 5DF5F098, ...)
103:985  0:000  Found OperationRegion(THBA, SystemMemory, FE200000, ...)
103:985  0:000  Found OperationRegion(DTNV, SystemMemory, FFFF0000, ...)
103:986  0:000  Found OperationRegion(DSMC, SystemMemory, 5DEEA000, ...)
103:986  0:000  Found OperationRegion(WWPR, SystemMemory, 5DEF4000, ...)
103:986  0:000  Found OperationRegion(DSMF, SystemMemory, 5DEE9000, ...)
103:986  0:000  Found OperationRegion(DSMP, SystemMemory, 5DEE8000, ...)
103:986  0:000  Apply DsdtFixMask=0x10400000
103:986  0:000  === [ FixBiosDsdt ] =============================
103:987  0:001   deleting device CRT_
103:992  0:004   deleting device DVI_
103:996  0:003   deleting device SPKR
103:999  0:003   deleting device ECP_
104:002  0:003   deleting device LPT_
104:006  0:003   deleting device FDC0
104:009  0:003   deleting device ECP1
104:013  0:003   deleting device LPT1
104:016  0:003    indirect name=PNVB
104:016  0:000  OperationRegion (THBA...) corrected from 0x0 to addr=0xFE200000
104:016  0:000    indirect name=DTNB
104:016  0:000    indirect name=SMBA
104:016  0:000  OperationRegion (WWPR...) corrected from 0x0 to addr=0x5DEF4000
104:016  0:000  OperationRegion (WWPR...) corrected from 0x0 to addr=0x5DEF4000
104:016  0:000  OperationRegion (WWPR...) corrected from 0x0 to addr=0x5DEF4000
104:016  0:000  OperationRegion (WWPR...) corrected from 0x0 to addr=0x5DEF4000
104:016  0:000  OperationRegion (WWPR...) corrected from 0x0 to addr=0x5DEF4000
104:016  0:000  PreCleanup XSDT: count=25, length=236
104:016  0:000  PreCleanup XSDT, corrected XSDT: count=25, length=236
104:016  0:000  === [ ACPIPatchedAML ] ==========================
104:016  0:000  AutoMerge pass 1
104:016  0:000  Unsorted
104:016  0:000  Inserting SSDT-Dell Vostro 5501.aml from \EFI\CLOVER\ACPI\patched: ignore on pass 1
104:016  0:000  === [ ACPIDropTables ] ==========================
104:016  0:000  Found OperationRegion(PNVS, SystemMemory, 4602F000, ...)
104:016  0:000  Found OperationRegion(BGNV, SystemMemory, 5DF5F018, ...)
104:016  0:000  Found OperationRegion(SANV, SystemMemory, 5DF5FB18, ...)
104:016  0:000  Found OperationRegion(ITNV, SystemMemory, FFFF0000, ...)
104:017  0:000  Found OperationRegion(VBOR, SystemMemory, 5DEA7018, ...)
104:017  0:000  Found OperationRegion(SGOP, SystemMemory, 5DF5FF18, ...)
104:017  0:000  Found OperationRegion(NOPR, SystemMemory, 5DEA4018, ...)
104:017  0:000  Found OperationRegion(ADHD, SystemMemory, 5C9E7000, ...)
104:017  0:000  Found OperationRegion(ABLK, SystemMemory, 5C9E7020, ...)
104:017  0:000  === [ ACPIPatchedAML ] ==========================
104:017  0:000  AutoMerge pass 2
104:017  0:000  Unsorted
104:017  0:000  Inserting SSDT-Dell Vostro 5501.aml from \EFI\CLOVER\ACPI\patched: size=1487 ... Success
104:017  0:000  ApicCPUNum=8
104:017  0:000  Maximum control=0xF
104:017  0:000  Turbo control=0x27
104:017  0:000  P-States: min 0x4, max 0x27
104:017  0:000  SSDT with plugin-type without P-States is generated
104:017  0:000  Cleanup XSDT: count=27, length=252
104:017  0:000  corrected XSDT count=27, length=252
104:017  0:000  === [ RestSetup macOS ] =========================
104:017  0:000  EdidDiscovered size=128
104:017  0:000  --- Discovered EDID Table size:128
104:017  0:000  000  |  00  FF  FF  FF  FF  FF  FF  00  30  E4
104:017  0:000  010  |  F2  05  00  00  00  00  00  1C  01  04
104:017  0:000  020  |  95  22  13  78  02  38  D5  97  5E  59
104:017  0:000  030  |  8E  27  1C  50  54  00  00  00  01  01
104:017  0:000  040  |  01  01  01  01  01  01  01  01  01  01
104:017  0:000  050  |  01  01  01  01  24  36  80  A0  70  38
104:017  0:000  060  |  1F  40  30  20  35  00  58  C2  10  00
104:017  0:000  070  |  00  1A  50  2B  80  A0  70  38  1F  40
104:017  0:000  080  |  30  20  35  00  58  C2  10  00  00  1A
104:017  0:000  090  |  00  00  00  FE  00  32  34  47  59  59
104:017  0:000  100  |  80  31  35  36  57  46  43  0A  00  00
104:017  0:000  110  |  00  00  00  00  41  31  96  00  10  00
104:017  0:000  120  |  00  0A  01  0A  20  20  00  31
104:017  0:000  add device: PciRoot(0x0)/Pci(0x1F,0x3)
104:017  0:000     Add key=device_type valuelen=17
104:017  0:000     Add key=AAPL,slot-name valuelen=16
104:017  0:000     Add key=hda-gfx valuelen=10
104:017  0:000     Add key=model valuelen=40
104:017  0:000     Add key=layout-id valuelen=4
104:017  0:000  add device: PciRoot(0x0)/Pci(0x16,0x0)
104:017  0:000     Add key=model valuelen=28
104:017  0:000     Add key=device_type valuelen=25
104:017  0:000     Add key=AAPL,slot-name valuelen=16
104:017  0:000  add device: PciRoot(0x0)/Pci(0x1F,0x5)
104:017  0:000     Add key=model valuelen=27
104:017  0:000     Add key=device_type valuelen=16
104:017  0:000     Add key=AAPL,slot-name valuelen=16
104:017  0:000  add device: PciRoot(0x0)/Pci(0x1D,0x0)/Pci(0x0,0x0)
104:017  0:000     Add key=model valuelen=36
104:017  0:000     Add key=device_type valuelen=31
104:017  0:000     Add key=AAPL,slot-name valuelen=20
104:017  0:000  add device: PciRoot(0x0)/Pci(0x0,0x0)
104:017  0:000     Add key=model valuelen=44
104:017  0:000     Add key=device_type valuelen=12
104:017  0:000     Add key=AAPL,slot-name valuelen=15
104:017  0:000  add device: PciRoot(0x0)/Pci(0x15,0x0)
104:017  0:000     Add key=model valuelen=38
104:017  0:000     Add key=device_type valuelen=16
104:017  0:000     Add key=AAPL,slot-name valuelen=16
104:017  0:000  add device: PciRoot(0x0)/Pci(0x1C,0x6)
104:017  0:000     Add key=model valuelen=34
104:017  0:000     Add key=device_type valuelen=11
104:017  0:000     Add key=AAPL,slot-name valuelen=16
104:017  0:000  add device: PciRoot(0x0)/Pci(0x1C,0x7)/Pci(0x0,0x0)
104:017  0:000     Add key=model valuelen=48
104:017  0:000     Add key=device_type valuelen=20
104:017  0:000     Add key=AAPL,slot-name valuelen=20
104:017  0:000  add device: PciRoot(0x0)/Pci(0x1F,0x0)
104:017  0:000     Add key=model valuelen=28
104:017  0:000     Add key=device_type valuelen=11
104:017  0:000     Add key=AAPL,slot-name valuelen=16
104:017  0:000  add device: PciRoot(0x0)/Pci(0x14,0x0)
104:017  0:000     Add key=model valuelen=41
104:017  0:000     Add key=device_type valuelen=15
104:017  0:000     Add key=AAPL,slot-name valuelen=16
104:017  0:000  add device: PciRoot(0x0)/Pci(0x1C,0x6)/Pci(0x0,0x0)
104:017  0:000     Add key=model valuelen=35
104:017  0:000     Add key=device_type valuelen=19
104:017  0:000     Add key=AAPL,slot-name valuelen=20
104:017  0:000  add device: PciRoot(0x0)/Pci(0x1F,0x4)
104:017  0:000     Add key=model valuelen=29
104:017  0:000     Add key=device_type valuelen=17
104:017  0:000     Add key=AAPL,slot-name valuelen=16
104:017  0:000  add device: PciRoot(0x0)/Pci(0x14,0x2)
104:017  0:000     Add key=model valuelen=25
104:017  0:000     Add key=device_type valuelen=11
104:017  0:000     Add key=AAPL,slot-name valuelen=16
104:017  0:000  add device: PciRoot(0x0)/Pci(0x2,0x0)
104:017  0:000     Add key=model valuelen=28
104:017  0:000     Add key=force-online valuelen=4
104:017  0:000     Add key=enable-cdclk-frequency-fix valuelen=4
104:017  0:000     Add key=AAPL,ig-platform-id valuelen=4
104:017  0:000     Add key=AAPL,slot-name valuelen=15
104:017  0:000     Add key=framebuffer-patch-enable valuelen=4
104:017  0:000     Add key=device_type valuelen=26
104:017  0:000     Add key=igfxfw valuelen=4
104:017  0:000     Add key=hda-gfx valuelen=10
104:017  0:000     Add key=device-id valuelen=4
104:017  0:000     Add key=disable-external-gpu valuelen=4
104:017  0:000     Add key=enable-backlight-registers-fix valuelen=4
104:017  0:000     Add key=AAPL,GfxYTile valuelen=4
104:017  0:000  add device: PciRoot(0x0)/Pci(0xD,0x0)
104:017  0:000     Add key=model valuelen=38
104:017  0:000     Add key=device_type valuelen=15
104:017  0:000     Add key=AAPL,slot-name valuelen=16
104:017  0:000  add device: PciRoot(0x0)/Pci(0x1D,0x0)
104:017  0:000     Add key=model valuelen=34
104:017  0:000     Add key=device_type valuelen=11
104:017  0:000     Add key=AAPL,slot-name valuelen=16
104:017  0:000  add device: PciRoot(0x0)/Pci(0x12,0x0)
104:017  0:000     Add key=model valuelen=32
104:017  0:000     Add key=device_type valuelen=29
104:017  0:000     Add key=AAPL,slot-name valuelen=16
104:017  0:000  add device: PciRoot(0x0)/Pci(0x15,0x1)
104:017  0:000     Add key=model valuelen=38
104:017  0:000     Add key=device_type valuelen=16
104:017  0:000     Add key=AAPL,slot-name valuelen=16
104:017  0:000  add device: PciRoot(0x0)/Pci(0x1C,0x7)
104:017  0:000     Add key=model valuelen=34
104:017  0:000     Add key=device_type valuelen=11
104:017  0:000     Add key=AAPL,slot-name valuelen=16
104:017  0:000  add device: PciRoot(0x0)/Pci(0x1D,0x4)/Pci(0x0,0x0)
104:017  0:000     Add key=model valuelen=45
104:017  0:000     Add key=device_type valuelen=31
104:017  0:000     Add key=AAPL,slot-name valuelen=20
104:017  0:000  add device: PciRoot(0x0)/Pci(0x1C,0x0)
104:017  0:000     Add key=model valuelen=34
104:017  0:000     Add key=device_type valuelen=11
104:017  0:000     Add key=AAPL,slot-name valuelen=16
104:017  0:000  add device: PciRoot(0x0)/Pci(0x4,0x0)
104:017  0:000     Add key=model valuelen=28
104:017  0:000     Add key=device_type valuelen=29
104:017  0:000     Add key=AAPL,slot-name valuelen=15
104:017  0:000  add device: PciRoot(0x0)/Pci(0x1D,0x4)
104:017  0:000     Add key=model valuelen=34
104:017  0:000     Add key=device_type valuelen=11
104:017  0:000     Add key=AAPL,slot-name valuelen=16
104:017  0:000  Intel GFX injection not set
104:018  0:000   RCBA disabled; cannot use it
104:018  0:000  stringlength = 11138
104:018  0:000  CurrentMode: Width=1920 Height=1080
104:020  0:001  SetNvramVariable (FirmwareFeaturesMask, guid, 0x6, 4):
104:021  0:000   -> writing new (Success)
104:021  0:000  SetNvramVariable (HW_BID, guid, 0x6, 20):
104:021  0:000   -> writing new (Success)
104:021  0:000  SetNvramVariable (security-mode, guid, 0x7, 5):
104:033  0:011   -> writing new (Success)
104:033  0:000  SetNvramVariable (backlight-level, guid, 0x7, 2):
104:033  0:000  DeleteNvramVariable (DefaultBackgroundColor, guid = Not Found):
104:045  0:011  DeleteNvramVariable (flagstate, guid = Not Found):
104:062  0:016  DeleteNvramVariable (bootercfg, guid = Not Found):
104:062  0:000  DeleteNvramVariable (nvda_drv, guid = Not Found):
104:062  0:000  DeleteNvramVariable (recovery-boot-mode, guid = Not Found):
104:062  0:000  SetNvramVariable (wake-failure, guid, 0x7, 5):
104:074  0:011   -> writing new (Success)
104:074  0:000  Use origin smbios table type 1 guid.
104:077  0:002  SetStartupDiskVolume:
104:077  0:000    * Volume: 'Preboot'
104:077  0:000    * LoaderPath: '\1B5F0106-2189-38E6-8425-F7787496BA52\System\Library\CoreServices\boot.efi'
104:077  0:000    * DevPath: Preboot
104:077  0:000    * GUID = FD68AD76-B9F4-4BD2-8F4C-33533BC557AF
104:095  0:018    * efi-boot-device: <array><dict><key>IOMatch</key><dict><key>IOProviderClass</key><string>IOMedia</string><key>IOPropertyMatch</key><dict><key>UUID</key><string>FD68AD76-B9F4-4BD2-8F4C-33533BC557AF</string></dict></dict></dict></array>
104:113  0:017  Custom boot screen not used because entry has unset use graphics
104:113  0:000  DeleteNvramVariable (IOHibernateRTCVariables, guid = Not Found):
104:113  0:000  DeleteNvramVariable (boot-image, guid = Not Found):
104:114  0:000  Closing log
